usearch v7.0.1090_i86linux32, 4.0Gb RAM (7.7Gb total), 2 cores
usearch -fastq_stats raw/Leaf1_S23_L001_R1_001.fastq -log Leaf_R1.stats.log 
Started Mon Sep 28 17:03:42 2015

Read length distribution
      L           N      Pct   AccPct
-------  ----------  -------  -------
>=  301      305966   100.0%   100.0%

Q score distribution
ASCII    Q       Pe           N      Pct   AccPct
-----  ---  -------  ----------  -------  -------
    G   38  0.00016    53669853    58.3%    58.3%
    F   37  0.00020     9092817     9.9%    68.1%
    E   36  0.00025     2745694     3.0%    71.1%
    D   35  0.00032     1614495     1.8%    72.9%
    C   34  0.00040     4394986     4.8%    77.7%
    B   33  0.00050     1075625     1.2%    78.8%
    A   32  0.00063      664447     0.7%    79.5%
    @   31  0.00079      739682     0.8%    80.3%
    ?   30  0.00100     1275513     1.4%    81.7%
    >   29  0.00126      993039     1.1%    82.8%
    =   28  0.00158      435978     0.5%    83.3%
    <   27  0.00200     1096503     1.2%    84.5%
    ;   26  0.00251      457070     0.5%    85.0%
    :   25  0.00316     1326026     1.4%    86.4%
    9   24  0.00398      841965     0.9%    87.3%
    8   23  0.00501      762248     0.8%    88.2%
    7   22  0.00631      719611     0.8%    88.9%
    6   21  0.00794      659891     0.7%    89.7%
    5   20  0.01000      640688     0.7%    90.3%
    4   19  0.01259      854160     0.9%    91.3%
    3   18  0.01585      592603     0.6%    91.9%
    2   17  0.01995      596593     0.6%    92.6%
    1   16  0.02512      472297     0.5%    93.1%
    0   15  0.03162      534702     0.6%    93.7%
    /   14  0.03981      206177     0.2%    93.9%
    .   13  0.05012      364382     0.4%    94.3%
    -   12  0.06310      355007     0.4%    94.7%
    ,   11  0.07943     1009720     1.1%    95.8%
    +   10  0.10000      517990     0.6%    96.3%
    *    9  0.12589     1056567     1.1%    97.5%
    )    8  0.15849      997989     1.1%    98.6%
    (    7  0.19953     1330975     1.4%   100.0%
    #    2  0.63096         473     0.0%   100.0%

    L  PctRecs  AvgQ  P(AvgQ)      AvgP  AvgEE       Rate   RatePct
-----  -------  ----  -------  --------  -----  ---------  --------
    2   100.0%  33.9   0.0004  0.000442   0.00   0.000836    0.084%
    3   100.0%  34.0   0.0004  0.000421   0.00   0.000697    0.070%
    4   100.0%  34.0   0.0004  0.000445   0.00   0.000634    0.063%
    5   100.0%  34.0   0.0004  0.000432   0.00   0.000594    0.059%
    6   100.0%  37.9  0.00016  0.000187   0.00   0.000526    0.053%
    7   100.0%  37.9  0.00016  0.000203   0.00   0.000480    0.048%
    8   100.0%  37.9  0.00016  0.000208   0.00   0.000446    0.045%
    9   100.0%  37.9  0.00016  0.000176   0.00   0.000416    0.042%
   10   100.0%  37.9  0.00016  0.000191   0.00   0.000393    0.039%
   11   100.0%  38.0  0.00016  0.000177   0.00   0.000374    0.037%
   12   100.0%  37.9  0.00016  0.000197   0.00   0.000359    0.036%
   13   100.0%  37.9  0.00016  0.000216   0.00   0.000348    0.035%
   14   100.0%  37.8  0.00016  0.000258   0.00   0.000342    0.034%
   15   100.0%  37.9  0.00016  0.000193   0.00   0.000332    0.033%
   16   100.0%  37.9  0.00016  0.000242   0.01   0.000326    0.033%
   17   100.0%  37.8  0.00016  0.000212   0.01   0.000319    0.032%
   18   100.0%  37.6  0.00016   0.00046   0.01   0.000327    0.033%
   19   100.0%  37.8  0.00016  0.000253   0.01   0.000323    0.032%
   20   100.0%  37.7  0.00016   0.00035   0.01   0.000325    0.032%
   21   100.0%  37.7  0.00016  0.000369   0.01   0.000327    0.033%
   22   100.0%  37.8  0.00016  0.000231   0.01   0.000322    0.032%
   23   100.0%  37.7  0.00016  0.000241   0.01   0.000319    0.032%
   24   100.0%  37.5  0.00016  0.000322   0.01   0.000319    0.032%
   25   100.0%  37.8  0.00016  0.000233   0.01   0.000316    0.032%
   26   100.0%  37.3   0.0002  0.000375   0.01   0.000318    0.032%
   27   100.0%  37.5  0.00016  0.000322   0.01   0.000318    0.032%
   28   100.0%  37.7  0.00016  0.000262   0.01   0.000316    0.032%
   29   100.0%  37.3   0.0002  0.000961   0.01   0.000338    0.034%
   30   100.0%  36.9   0.0002   0.00149   0.01   0.000377    0.038%
   31   100.0%  37.4   0.0002  0.000528   0.01   0.000382    0.038%
   32   100.0%  37.2   0.0002  0.000773   0.01   0.000394    0.039%
   33   100.0%  37.3   0.0002  0.000768   0.01   0.000405    0.041%
   34   100.0%  37.0   0.0002  0.000813   0.01   0.000417    0.042%
   35   100.0%  37.6  0.00016    0.0003   0.01   0.000414    0.041%
   36   100.0%  37.2   0.0002  0.000606   0.02   0.000419    0.042%
   37   100.0%  37.6  0.00016  0.000362   0.02   0.000418    0.042%
   38   100.0%  37.8  0.00016   0.00031   0.02   0.000415    0.041%
   39   100.0%  37.8  0.00016  0.000306   0.02   0.000412    0.041%
   40   100.0%  37.9  0.00016  0.000238   0.02   0.000408    0.041%
   41   100.0%  37.8  0.00016  0.000309   0.02   0.000405    0.041%
   42   100.0%  37.7  0.00016  0.000358   0.02   0.000404    0.040%
   43   100.0%  37.9  0.00016  0.000234   0.02   0.000400    0.040%
   44   100.0%  37.8  0.00016  0.000245   0.02   0.000397    0.040%
   45   100.0%  37.9  0.00016  0.000266   0.02   0.000394    0.039%
   46   100.0%  37.9  0.00016  0.000259   0.02   0.000391    0.039%
   47   100.0%  37.9  0.00016  0.000288   0.02   0.000389    0.039%
   48   100.0%  37.8  0.00016  0.000264   0.02   0.000386    0.039%
   49   100.0%  37.3   0.0002  0.000774   0.02   0.000394    0.039%
   50   100.0%  37.7  0.00016  0.000352   0.02   0.000393    0.039%
   51   100.0%  37.3   0.0002  0.000997   0.02   0.000405    0.040%
   52   100.0%  37.6  0.00016  0.000299   0.02   0.000403    0.040%
   53   100.0%  37.3   0.0002  0.000645   0.02   0.000407    0.041%
   54   100.0%  37.6  0.00016  0.000349   0.02   0.000406    0.041%
   55   100.0%  37.7  0.00016  0.000334   0.02   0.000405    0.041%
   56   100.0%  37.8  0.00016  0.000251   0.02   0.000402    0.040%
   57   100.0%  37.2   0.0002  0.000771   0.02   0.000409    0.041%
   58   100.0%  37.7  0.00016  0.000273   0.02   0.000406    0.041%
   59   100.0%  37.8  0.00016  0.000333   0.02   0.000405    0.041%
   60   100.0%  37.7  0.00016  0.000393   0.02   0.000405    0.040%
   61   100.0%  37.8  0.00016  0.000304   0.02   0.000403    0.040%
   62   100.0%  37.7  0.00016  0.000383   0.02   0.000403    0.040%
   63   100.0%  37.7  0.00016   0.00037   0.03   0.000402    0.040%
   64   100.0%  37.3   0.0002  0.000758   0.03   0.000408    0.041%
   65   100.0%  37.4   0.0002   0.00054   0.03   0.000410    0.041%
   66   100.0%  37.6  0.00016  0.000372   0.03   0.000409    0.041%
   67   100.0%  37.3   0.0002  0.000764   0.03   0.000415    0.041%
   68   100.0%  37.5  0.00016  0.000555   0.03   0.000417    0.042%
   69   100.0%  37.7  0.00016  0.000359   0.03   0.000416    0.042%
   70   100.0%  37.6  0.00016  0.000391   0.03   0.000416    0.042%
   71   100.0%  37.8  0.00016  0.000324   0.03   0.000414    0.041%
   72   100.0%  37.8  0.00016  0.000263   0.03   0.000412    0.041%
   73   100.0%  37.5   0.0002  0.000427   0.03   0.000412    0.041%
   74   100.0%  37.6  0.00016  0.000378   0.03   0.000412    0.041%
   75   100.0%  37.6  0.00016  0.000352   0.03   0.000411    0.041%
   76   100.0%  37.6  0.00016  0.000361   0.03   0.000411    0.041%
   77   100.0%  37.0   0.0002   0.00124   0.03   0.000421    0.042%
   78   100.0%  36.9   0.0002   0.00144   0.03   0.000434    0.043%
   79   100.0%  37.5  0.00016  0.000427   0.03   0.000434    0.043%
   80   100.0%  37.4   0.0002  0.000658   0.03   0.000437    0.044%
   81   100.0%  37.1   0.0002  0.000769   0.04   0.000441    0.044%
   82   100.0%  37.6  0.00016  0.000332   0.04   0.000440    0.044%
   83   100.0%  37.4   0.0002  0.000639   0.04   0.000442    0.044%
   84   100.0%  37.7  0.00016  0.000325   0.04   0.000441    0.044%
   85   100.0%  37.5   0.0002  0.000579   0.04   0.000442    0.044%
   86   100.0%  37.5  0.00016  0.000564   0.04   0.000444    0.044%
   87   100.0%  37.0   0.0002   0.00137   0.04   0.000454    0.045%
   88   100.0%  36.9   0.0002   0.00165   0.04   0.000468    0.047%
   89   100.0%  36.9   0.0002    0.0018   0.04   0.000483    0.048%
   90   100.0%  37.1   0.0002   0.00083   0.04   0.000487    0.049%
   91   100.0%  36.9   0.0002   0.00146   0.05   0.000498    0.050%
   92   100.0%  36.8   0.0002   0.00139   0.05   0.000507    0.051%
   93   100.0%  37.4   0.0002  0.000523   0.05   0.000507    0.051%
   94   100.0%  37.3   0.0002  0.000736   0.05   0.000510    0.051%
   95   100.0%  37.3   0.0002   0.00094   0.05   0.000514    0.051%
   96   100.0%  36.9   0.0002   0.00134   0.05   0.000523    0.052%
   97   100.0%  36.7   0.0002   0.00174   0.05   0.000536    0.054%
   98   100.0%  36.8   0.0002   0.00129   0.05   0.000543    0.054%
   99   100.0%  36.6   0.0002   0.00212   0.06   0.000559    0.056%
  100   100.0%  36.6   0.0002   0.00212   0.06   0.000575    0.057%
  101   100.0%  37.2   0.0002  0.000695   0.06   0.000576    0.058%
  102   100.0%  36.9   0.0002   0.00154   0.06   0.000586    0.059%
  103   100.0%  37.4   0.0002  0.000494   0.06   0.000585    0.058%
  104   100.0%  36.7   0.0002   0.00165   0.06   0.000595    0.059%
  105   100.0%  36.5  0.00025   0.00194   0.06   0.000608    0.061%
  106   100.0%  36.2  0.00025    0.0027   0.07   0.000627    0.063%
  107   100.0%  36.6   0.0002   0.00202   0.07   0.000641    0.064%
  108   100.0%  37.2   0.0002  0.000704   0.07   0.000641    0.064%
  109   100.0%  36.4  0.00025   0.00217   0.07   0.000655    0.066%
  110   100.0%  36.1  0.00025   0.00327   0.07   0.000679    0.068%
  111   100.0%  36.5  0.00025   0.00222   0.08   0.000693    0.069%
  112   100.0%  36.5   0.0002   0.00201   0.08   0.000705    0.070%
  113   100.0%  36.4  0.00025   0.00278   0.08   0.000723    0.072%
  114   100.0%  37.0   0.0002   0.00111   0.08   0.000726    0.073%
  115   100.0%  36.7   0.0002   0.00174   0.08   0.000735    0.074%
  116   100.0%  36.2  0.00025   0.00255   0.09   0.000751    0.075%
  117   100.0%  37.2   0.0002  0.000635   0.09   0.000750    0.075%
  118   100.0%  36.1  0.00025   0.00273   0.09   0.000767    0.077%
  119   100.0%  37.1   0.0002  0.000841   0.09   0.000767    0.077%
  120   100.0%  36.4  0.00025   0.00263   0.09   0.000783    0.078%
  121   100.0%  36.3  0.00025    0.0021   0.10   0.000794    0.079%
  122   100.0%  36.1  0.00025   0.00251   0.10   0.000808    0.081%
  123   100.0%  36.1  0.00025   0.00279   0.10   0.000824    0.082%
  124   100.0%  36.5  0.00025   0.00215   0.10   0.000835    0.083%
  125   100.0%  36.3  0.00025   0.00252   0.11   0.000848    0.085%
  126   100.0%  36.3  0.00025   0.00243   0.11   0.000861    0.086%
  127   100.0%  36.4  0.00025    0.0023   0.11   0.000872    0.087%
  128   100.0%  36.7   0.0002    0.0016   0.11   0.000878    0.088%
  129   100.0%  35.9  0.00025   0.00293   0.12   0.000894    0.089%
  130   100.0%  36.3  0.00025    0.0019   0.12   0.000901    0.090%
  131   100.0%  36.3  0.00025   0.00232   0.12   0.000912    0.091%
  132   100.0%  36.2  0.00025   0.00225   0.12   0.000922    0.092%
  133   100.0%  36.5   0.0002   0.00172   0.12   0.000928    0.093%
  134   100.0%  37.0   0.0002    0.0011   0.12   0.000930    0.093%
  135   100.0%  36.5  0.00025   0.00199   0.13   0.000937    0.094%
  136   100.0%  36.6   0.0002   0.00186   0.13   0.000944    0.094%
  137   100.0%  37.0   0.0002  0.000933   0.13   0.000944    0.094%
  138   100.0%  36.6   0.0002   0.00208   0.13   0.000952    0.095%
  139   100.0%  36.6   0.0002   0.00197   0.13   0.000960    0.096%
  140   100.0%  36.6   0.0002   0.00194   0.14   0.000967    0.097%
  141   100.0%  36.5  0.00025   0.00206   0.14   0.000974    0.097%
  142   100.0%  36.8   0.0002   0.00138   0.14   0.000977    0.098%
  143   100.0%  36.4  0.00025   0.00222   0.14   0.000986    0.099%
  144   100.0%  36.2  0.00025   0.00257   0.14   0.000997    0.100%
  145   100.0%  36.4  0.00025   0.00227   0.15   0.001006    0.101%
  146   100.0%  36.1  0.00025   0.00289   0.15   0.001018    0.102%
  147   100.0%  36.3  0.00025   0.00231   0.15   0.001027    0.103%
  148   100.0%  36.1  0.00025   0.00277   0.15   0.001039    0.104%
  149   100.0%  36.2  0.00025   0.00257   0.16   0.001049    0.105%
  150   100.0%  36.6   0.0002   0.00166   0.16   0.001053    0.105%
  151   100.0%  36.4  0.00025   0.00217   0.16   0.001061    0.106%
  152   100.0%  36.1  0.00025   0.00257   0.16   0.001071    0.107%
  153   100.0%  36.2  0.00025   0.00275   0.17   0.001082    0.108%
  154   100.0%  36.4  0.00025   0.00216   0.17   0.001089    0.109%
  155   100.0%  35.8  0.00025   0.00341   0.17   0.001104    0.110%
  156   100.0%  35.9  0.00025   0.00296   0.17   0.001116    0.112%
  157   100.0%  36.0  0.00025   0.00286   0.18   0.001127    0.113%
  158   100.0%  36.2  0.00025   0.00229   0.18   0.001134    0.113%
  159   100.0%  35.9  0.00025   0.00296   0.18   0.001146    0.115%
  160   100.0%  36.1  0.00025   0.00244   0.18   0.001154    0.115%
  161   100.0%  36.0  0.00025   0.00288   0.19   0.001164    0.116%
  162   100.0%  36.0  0.00025   0.00293   0.19   0.001175    0.118%
  163   100.0%  36.2  0.00025   0.00257   0.19   0.001184    0.118%
  164   100.0%  36.0  0.00025   0.00277   0.20   0.001193    0.119%
  165   100.0%  36.3  0.00025   0.00232   0.20   0.001200    0.120%
  166   100.0%  35.8  0.00025   0.00311   0.20   0.001212    0.121%
  167   100.0%  35.6  0.00025   0.00357   0.20   0.001226    0.123%
  168   100.0%  35.9  0.00025   0.00304   0.21   0.001237    0.124%
  169   100.0%  35.7  0.00025   0.00332   0.21   0.001249    0.125%
  170   100.0%  35.9  0.00025   0.00331   0.21   0.001261    0.126%
  171   100.0%  35.5  0.00025   0.00387   0.22   0.001276    0.128%
  172   100.0%  35.7  0.00025   0.00317   0.22   0.001287    0.129%
  173   100.0%  35.7  0.00025   0.00322   0.22   0.001299    0.130%
  174   100.0%  36.1  0.00025   0.00267   0.23   0.001306    0.131%
  175   100.0%  36.1  0.00025    0.0027   0.23   0.001314    0.131%
  176   100.0%  35.9  0.00025   0.00309   0.23   0.001325    0.132%
  177   100.0%  35.2  0.00032   0.00433   0.24   0.001342    0.134%
  178   100.0%  35.5  0.00025   0.00353   0.24   0.001354    0.135%
  179   100.0%  35.1  0.00032   0.00425   0.25   0.001370    0.137%
  180   100.0%  35.3  0.00032   0.00368   0.25   0.001383    0.138%
  181   100.0%  35.4  0.00032   0.00376   0.25   0.001396    0.140%
  182   100.0%  35.5  0.00032   0.00332   0.26   0.001407    0.141%
  183   100.0%  35.6  0.00025    0.0033   0.26   0.001417    0.142%
  184   100.0%  35.5  0.00025   0.00372   0.26   0.001429    0.143%
  185   100.0%  35.1  0.00032   0.00442   0.27   0.001446    0.145%
  186   100.0%  35.0  0.00032   0.00456   0.27   0.001462    0.146%
  187   100.0%  34.8  0.00032   0.00502   0.28   0.001481    0.148%
  188   100.0%  34.8  0.00032   0.00455   0.28   0.001498    0.150%
  189   100.0%  34.6  0.00032   0.00518   0.29   0.001517    0.152%
  190   100.0%  35.0  0.00032   0.00422   0.29   0.001531    0.153%
  191   100.0%  35.3  0.00032   0.00392   0.29   0.001544    0.154%
  192   100.0%  35.2  0.00032   0.00431   0.30   0.001558    0.156%
  193   100.0%  34.6  0.00032   0.00549   0.30   0.001579    0.158%
  194   100.0%  35.0  0.00032   0.00469   0.31   0.001595    0.159%
  195   100.0%  34.3   0.0004   0.00614   0.32   0.001618    0.162%
  196   100.0%  33.9   0.0004   0.00703   0.32   0.001646    0.165%
  197   100.0%  32.6   0.0005   0.00717   0.33   0.001674    0.167%
  198   100.0%  34.4   0.0004   0.00576   0.34   0.001694    0.169%
  199   100.0%  34.5   0.0004   0.00549   0.34   0.001713    0.171%
  200   100.0%  34.5  0.00032   0.00559   0.35   0.001733    0.173%
  201   100.0%  34.3   0.0004   0.00597   0.35   0.001754    0.175%
  202   100.0%  34.7  0.00032   0.00458   0.36   0.001768    0.177%
  203   100.0%  34.3   0.0004   0.00571   0.36   0.001787    0.179%
  204   100.0%  34.3   0.0004   0.00544   0.37   0.001805    0.181%
  205   100.0%  34.4   0.0004   0.00586   0.37   0.001825    0.182%
  206   100.0%  33.0   0.0005    0.0079   0.38   0.001854    0.185%
  207   100.0%  32.3  0.00063   0.00868   0.39   0.001887    0.189%
  208   100.0%  33.0   0.0005   0.00856   0.40   0.001920    0.192%
  209   100.0%  34.2   0.0004   0.00551   0.40   0.001937    0.194%
  210   100.0%  33.9   0.0004    0.0061   0.41   0.001957    0.196%
  211   100.0%  33.3   0.0005   0.00751   0.42   0.001983    0.198%
  212   100.0%  34.3   0.0004   0.00493   0.42   0.001997    0.200%
  213   100.0%  34.3   0.0004   0.00622   0.43   0.002017    0.202%
  214   100.0%  34.5   0.0004   0.00532   0.43   0.002032    0.203%
  215   100.0%  34.1   0.0004   0.00652   0.44   0.002053    0.205%
  216   100.0%  34.2   0.0004    0.0059   0.45   0.002071    0.207%
  217   100.0%  33.6   0.0004   0.00804   0.46   0.002098    0.210%
  218   100.0%  33.5   0.0004   0.00718   0.46   0.002121    0.212%
  219   100.0%  33.3   0.0005   0.00764   0.47   0.002147    0.215%
  220   100.0%  33.6   0.0004   0.00679   0.48   0.002168    0.217%
  221   100.0%  33.6   0.0004   0.00711   0.48   0.002190    0.219%
  222   100.0%  33.4   0.0005   0.00726   0.49   0.002213    0.221%
  223   100.0%  31.9  0.00063    0.0114   0.50   0.002254    0.225%
  224   100.0%  32.5   0.0005    0.0107   0.51   0.002292    0.229%
  225   100.0%  33.4   0.0005   0.00791   0.52   0.002317    0.232%
  226   100.0%  32.4  0.00063    0.0104   0.53   0.002353    0.235%
  227   100.0%  31.6  0.00063     0.012   0.54   0.002395    0.240%
  228   100.0%  32.6   0.0005   0.00877   0.55   0.002423    0.242%
  229   100.0%  32.2  0.00063    0.0104   0.56   0.002458    0.246%
  230   100.0%  28.9   0.0013    0.0188   0.58   0.002529    0.253%
  231   100.0%  32.1  0.00063   0.00985   0.59   0.002561    0.256%
  232   100.0%  32.4  0.00063   0.00982   0.60   0.002592    0.259%
  233   100.0%  33.0   0.0005   0.00849   0.61   0.002617    0.262%
  234   100.0%  33.1   0.0005   0.00835   0.62   0.002642    0.264%
  235   100.0%  28.5   0.0013    0.0176   0.64   0.002706    0.271%
  236   100.0%  32.5  0.00063   0.00903   0.64   0.002732    0.273%
  237   100.0%  31.8  0.00063    0.0119   0.66   0.002771    0.277%
  238   100.0%  28.3   0.0016    0.0203   0.68   0.002845    0.284%
  239   100.0%  31.2  0.00079    0.0139   0.69   0.002891    0.289%
  240   100.0%  26.5   0.0025    0.0246   0.72   0.002982    0.298%
  241   100.0%  29.2   0.0013    0.0167   0.73   0.003039    0.304%
  242   100.0%  31.2  0.00079    0.0113   0.74   0.003073    0.307%
  243   100.0%  31.4  0.00079    0.0114   0.76   0.003107    0.311%
  244   100.0%  32.4  0.00063   0.00913   0.76   0.003132    0.313%
  245   100.0%  31.9  0.00063    0.0119   0.78   0.003168    0.317%
  246   100.0%  29.1   0.0013    0.0172   0.79   0.003225    0.322%
  247   100.0%  31.0  0.00079    0.0143   0.81   0.003270    0.327%
  248   100.0%  26.1   0.0025    0.0239   0.83   0.003353    0.335%
  249   100.0%  25.9   0.0025    0.0266   0.86   0.003446    0.345%
  250   100.0%  24.7   0.0032    0.0332   0.89   0.003565    0.357%
  251   100.0%  29.3   0.0013    0.0158   0.91   0.003614    0.361%
  252   100.0%  29.5    0.001    0.0158   0.92   0.003662    0.366%
  253   100.0%  26.8    0.002    0.0235   0.95   0.003741    0.374%
  254   100.0%  29.9    0.001    0.0152   0.96   0.003786    0.379%
  255   100.0%  29.7    0.001    0.0149   0.98   0.003829    0.383%
  256   100.0%  27.3    0.002    0.0221   1.00   0.003900    0.390%
  257   100.0%  30.1    0.001    0.0144   1.01   0.003941    0.394%
  258   100.0%  30.2    0.001    0.0146   1.03   0.003983    0.398%
  259   100.0%  23.6    0.004    0.0361   1.06   0.004107    0.411%
  260   100.0%  25.9   0.0025    0.0281   1.09   0.004199    0.420%
  261   100.0%  27.7   0.0016    0.0207   1.11   0.004262    0.426%
  262   100.0%  24.0    0.004    0.0332   1.15   0.004373    0.437%
  263   100.0%  26.4   0.0025    0.0251   1.17   0.004452    0.445%
  264   100.0%  29.0   0.0013    0.0175   1.19   0.004501    0.450%
  265   100.0%  28.7   0.0013    0.0185   1.21   0.004554    0.455%
  266   100.0%  28.3   0.0016    0.0205   1.23   0.004614    0.461%
  267   100.0%  23.5    0.004    0.0354   1.26   0.004729    0.473%
  268   100.0%  25.4   0.0032    0.0295   1.29   0.004822    0.482%
  269   100.0%  22.8    0.005    0.0362   1.33   0.004938    0.494%
  270   100.0%  22.9    0.005    0.0382   1.37   0.005062    0.506%
  271   100.0%  22.0   0.0063     0.045   1.41   0.005209    0.521%
  272   100.0%  22.6    0.005    0.0393   1.45   0.005334    0.533%
  273   100.0%  22.4   0.0063    0.0385   1.49   0.005456    0.546%
  274   100.0%  22.0   0.0063    0.0427   1.53   0.005592    0.559%
  275   100.0%  22.2   0.0063    0.0409   1.57   0.005721    0.572%
  276   100.0%  22.0   0.0063     0.043   1.62   0.005856    0.586%
  277   100.0%  26.8    0.002    0.0233   1.64   0.005919    0.592%
  278   100.0%  26.8    0.002    0.0239   1.66   0.005983    0.598%
  279   100.0%  27.3    0.002    0.0212   1.68   0.006038    0.604%
  280   100.0%  25.6   0.0025    0.0277   1.71   0.006115    0.611%
  281   100.0%  20.4     0.01    0.0505   1.76   0.006273    0.627%
  282   100.0%  21.0   0.0079    0.0468   1.81   0.006417    0.642%
  283   100.0%  20.4     0.01    0.0493   1.86   0.006568    0.657%
  284   100.0%  21.2   0.0079    0.0432   1.90   0.006697    0.670%
  285   100.0%  20.0     0.01    0.0517   1.95   0.006855    0.686%
  286   100.0%  22.7    0.005    0.0369   1.99   0.006960    0.696%
  287   100.0%  21.5   0.0079    0.0431   2.03   0.007086    0.709%
  288   100.0%  21.5   0.0079    0.0466   2.08   0.007223    0.722%
  289   100.0%  22.2   0.0063    0.0402   2.12   0.007337    0.734%
  290   100.0%  20.4     0.01    0.0505   2.17   0.007486    0.749%
  291   100.0%  20.1     0.01    0.0478   2.22   0.007624    0.762%
  292   100.0%  24.4    0.004    0.0268   2.25   0.007690    0.769%
  293   100.0%  24.5    0.004    0.0288   2.27   0.007762    0.776%
  294   100.0%  18.3    0.016    0.0652   2.34   0.007957    0.796%
  295   100.0%  19.2    0.013    0.0574   2.40   0.008125    0.812%
  296   100.0%  17.4     0.02    0.0698   2.47   0.008333    0.833%
  297   100.0%  21.3   0.0079    0.0424   2.51   0.008448    0.845%
  298   100.0%  19.4    0.013    0.0521   2.56   0.008594    0.859%
  299   100.0%  19.1    0.013    0.0553   2.62   0.008751    0.875%
  300   100.0%  17.8    0.016    0.0666   2.68   0.008943    0.894%
  301   100.0%  13.6     0.04    0.0874   2.77   0.009204    0.920%

    L   1.0000   0.5000   0.2500   0.1000   1.0000   0.5000   0.2500   0.1000
-----  -------  -------  -------  -------  -------  -------  -------  -------
  302   100061    49607    20958     2576   32.70%   16.21%    6.85%    0.84%
  301   106300    56326    26290     4833   34.74%   18.41%    8.59%    1.58%
  300   110315    59891    28769     5726   36.05%   19.57%    9.40%    1.87%
  299   113377    62353    30270     6396   37.06%   20.38%    9.89%    2.09%
  298   116169    64558    31575     7056   37.97%   21.10%   10.32%    2.31%
  297   118549    66391    32662     7525   38.75%   21.70%   10.68%    2.46%
  296   123333    71176    36125     9058   40.31%   23.26%   11.81%    2.96%
  295   126979    74644    37965    10070   41.50%   24.40%   12.41%    3.29%
  294   131466    79765    42348    12308   42.97%   26.07%   13.84%    4.02%
  293   133121    81269    43336    12689   43.51%   26.56%   14.16%    4.15%
  292   134673    82600    44203    13128   44.02%   27.00%   14.45%    4.29%
  291   137802    86354    47295    14889   45.04%   28.22%   15.46%    4.87%
  290   141118    89696    50248    16411   46.12%   29.32%   16.42%    5.36%
  289   143746    92231    52168    17467   46.98%   30.14%   17.05%    5.71%
  288   146673    95014    54354    18646   47.94%   31.05%   17.76%    6.09%
  287   149295    97427    56051    20040   48.79%   31.84%   18.32%    6.55%
  286   151595    99717    57683    21250   49.55%   32.59%   18.85%    6.95%
  285   155493   104805    62692    24518   50.82%   34.25%   20.49%    8.01%
  284   158489   107987    64984    26425   51.80%   35.29%   21.24%    8.64%
  283   161973   112386    69559    30104   52.94%   36.73%   22.73%    9.84%
  282   165224   115900    72598    32573   54.00%   37.88%   23.73%   10.65%
  281   169046   120353    77347    36624   55.25%   39.34%   25.28%   11.97%
  280   170870   122298    79259    38374   55.85%   39.97%   25.90%   12.54%
  279   172161   123624    80362    39200   56.27%   40.40%   26.27%   12.81%
  278   173723   125173    81666    40244   56.78%   40.91%   26.69%   13.15%
  277   175326   126700    82849    41243   57.30%   41.41%   27.08%   13.48%
  276   178525   130542    86434    44713   58.35%   42.67%   28.25%   14.61%
  275   181495   134201    90058    48506   59.32%   43.86%   29.43%   15.85%
  274   184666   138023    93893    52431   60.36%   45.11%   30.69%   17.14%
  273   187440   141165    97011    55798   61.26%   46.14%   31.71%   18.24%
  272   190567   144605   100037    59075   62.28%   47.26%   32.70%   19.31%
  271   194379   149280   105021    63899   63.53%   48.79%   34.32%   20.88%
  270   197346   152901   108499    67709   64.50%   49.97%   35.46%   22.13%
  269   200063   156277   112235    71906   65.39%   51.08%   36.68%   23.50%
  268   202359   159016   114975    74409   66.14%   51.97%   37.58%   24.32%
  267   205156   162267   119254    78582   67.05%   53.03%   38.98%   25.68%
  266   206765   164189   121118    80449   67.58%   53.66%   39.59%   26.29%
  265   208232   165760   122656    82022   68.06%   54.18%   40.09%   26.81%
  264   209496   167093   123950    83180   68.47%   54.61%   40.51%   27.19%
  263   211449   169398   126537    86364   69.11%   55.36%   41.36%   28.23%
  262   214013   172640   130568    90418   69.95%   56.42%   42.67%   29.55%
  261   215652   174463   132607    92329   70.48%   57.02%   43.34%   30.18%
  260   218084   177646   135762    95794   71.28%   58.06%   44.37%   31.31%
  259   220982   181657   141651   101688   72.22%   59.37%   46.30%   33.24%
  258   222126   182913   142910   103175   72.60%   59.78%   46.71%   33.72%
  257   223237   184155   144214   104525   72.96%   60.19%   47.13%   34.16%
  256   225229   186602   146719   107295   73.61%   60.99%   47.95%   35.07%
  255   226379   187957   148113   109173   73.99%   61.43%   48.41%   35.68%
  254   227541   189333   149550   110743   74.37%   61.88%   48.88%   36.19%
  253   229479   191696   152185   113399   75.00%   62.65%   49.74%   37.06%
  252   230780   193135   153684   115198   75.43%   63.12%   50.23%   37.65%
  251   232071   194907   155183   116977   75.85%   63.70%   50.72%   38.23%
  250   234997   199382   161016   122700   76.80%   65.16%   52.63%   40.10%
  249   237201   202323   165092   127100   77.53%   66.13%   53.96%   41.54%
  248   239170   204908   168709   130584   78.17%   66.97%   55.14%   42.68%
  247   240380   206442   170422   132211   78.56%   67.47%   55.70%   43.21%
  246   241808   208174   172326   134249   79.03%   68.04%   56.32%   43.88%
  245   242786   209374   173669   135708   79.35%   68.43%   56.76%   44.35%
  244   243579   210181   174555   136649   79.61%   68.69%   57.05%   44.66%
  243   244560   211390   175782   137994   79.93%   69.09%   57.45%   45.10%
  242   245488   212663   177176   139633   80.23%   69.51%   57.91%   45.64%
  241   246994   214735   179454   141763   80.73%   70.18%   58.65%   46.33%
  240   249087   218252   185121   146916   81.41%   71.33%   60.50%   48.02%
  239   250255   219777   187023   148760   81.79%   71.83%   61.13%   48.62%
  238   251918   222169   190253   152126   82.34%   72.61%   62.18%   49.72%
  237   252885   223393   191683   153585   82.65%   73.01%   62.65%   50.20%
  236   253595   224351   192830   154989   82.88%   73.33%   63.02%   50.66%
  235   255072   226479   195481   157600   83.37%   74.02%   63.89%   51.51%
  234   255745   227363   196466   158572   83.59%   74.31%   64.21%   51.83%
  233   256485   228307   197555   159741   83.83%   74.62%   64.57%   52.21%
  232   257333   229462   198892   161111   84.11%   75.00%   65.00%   52.66%
  231   258148   230598   200172   162551   84.37%   75.37%   65.42%   53.13%
  230   259850   233060   203225   165332   84.93%   76.17%   66.42%   54.04%
  229   260723   234396   205060   167267   85.21%   76.61%   67.02%   54.67%
  228   261464   235452   206416   168826   85.46%   76.95%   67.46%   55.18%
  227   262440   236838   208123   170452   85.77%   77.41%   68.02%   55.71%
  226   263291   238073   209577   172063   86.05%   77.81%   68.50%   56.24%
  225   263928   238961   210604   172923   86.26%   78.10%   68.83%   56.52%
  224   264808   240329   212175   174392   86.55%   78.55%   69.35%   57.00%
  223   265748   241720   213921   176158   86.86%   79.00%   69.92%   57.57%
  222   266326   242565   214987   177220   87.04%   79.28%   70.26%   57.92%
  221   266899   243418   215976   178232   87.23%   79.56%   70.59%   58.25%
  220   267478   244225   216978   179363   87.42%   79.82%   70.92%   58.62%
  219   268158   245213   218326   180881   87.64%   80.14%   71.36%   59.12%
  218   268773   246141   219563   182248   87.84%   80.45%   71.76%   59.56%
  217   269422   247194   220873   183494   88.06%   80.79%   72.19%   59.97%
  216   269965   247911   221784   184335   88.23%   81.03%   72.49%   60.25%
  215   270496   248688   222750   185340   88.41%   81.28%   72.80%   60.58%
  214   270964   249306   223498   186040   88.56%   81.48%   73.05%   60.80%
  213   271434   250204   224497   187006   88.71%   81.78%   73.37%   61.12%
  212   271856   250794   225250   187824   88.85%   81.97%   73.62%   61.39%
  211   272414   251749   226736   190054   89.03%   82.28%   74.10%   62.12%
  210   272902   252478   227781   191636   89.19%   82.52%   74.45%   62.63%
  209   273353   253076   228586   192384   89.34%   82.71%   74.71%   62.88%
  208   274008   254163   230131   194023   89.56%   83.07%   75.21%   63.41%
  207   274667   255179   231562   195220   89.77%   83.40%   75.68%   63.80%
  206   275330   256169   232832   196535   89.99%   83.72%   76.10%   64.23%
  205   275824   256790   233659   197226   90.15%   83.93%   76.37%   64.46%
  204   276308   257415   234551   198053   90.31%   84.13%   76.66%   64.73%
  203   276789   258100   235403   199088   90.46%   84.36%   76.94%   65.07%
  202   277176   258613   236074   199771   90.59%   84.52%   77.16%   65.29%
  201   277681   259326   236953   200796   90.76%   84.76%   77.44%   65.63%
  200   278106   259981   237820   201507   90.89%   84.97%   77.73%   65.86%
  199   278561   260690   238685   202264   91.04%   85.20%   78.01%   66.11%
  198   279040   261434   239709   203328   91.20%   85.45%   78.34%   66.45%
  197   279610   262368   241102   204686   91.39%   85.75%   78.80%   66.90%
  196   280186   263257   242458   206031   91.57%   86.04%   79.24%   67.34%
  195   280646   263987   243515   206943   91.72%   86.28%   79.59%   67.64%
  194   280989   264542   244317   207553   91.84%   86.46%   79.85%   67.84%
  193   281475   265223   245243   208370   92.00%   86.68%   80.15%   68.10%
  192   281819   265748   245914   208988   92.11%   86.86%   80.37%   68.30%
  191   282137   266245   246536   209662   92.21%   87.02%   80.58%   68.52%
  190   282453   266728   247192   210450   92.32%   87.18%   80.79%   68.78%
  189   282913   267475   248189   211755   92.47%   87.42%   81.12%   69.21%
  188   283292   268073   249055   212894   92.59%   87.62%   81.40%   69.58%
  187   283701   268704   249965   214315   92.72%   87.82%   81.70%   70.05%
  186   284110   269249   250732   215109   92.86%   88.00%   81.95%   70.30%
  185   284492   269778   251440   216046   92.98%   88.17%   82.18%   70.61%
  184   284807   270200   251935   216588   93.08%   88.31%   82.34%   70.79%
  183   285129   270585   252437   217052   93.19%   88.44%   82.50%   70.94%
  182   285441   270966   253037   217607   93.29%   88.56%   82.70%   71.12%
  181   285746   271381   253589   218238   93.39%   88.70%   82.88%   71.33%
  180   286040   271823   254151   218967   93.49%   88.84%   83.07%   71.57%
  179   286388   272411   254987   220025   93.60%   89.03%   83.34%   71.91%
  178   286687   272855   255562   220606   93.70%   89.18%   83.53%   72.10%
  177   287035   273509   256548   221973   93.81%   89.39%   83.85%   72.55%
  176   287300   273902   257027   222564   93.90%   89.52%   84.01%   72.74%
  175   287530   274228   257454   222981   93.97%   89.63%   84.14%   72.88%
  174   287746   274551   257838   223400   94.05%   89.73%   84.27%   73.01%
  173   287973   274982   258479   224237   94.12%   89.87%   84.48%   73.29%
  172   288235   275467   259188   224848   94.20%   90.03%   84.71%   73.49%
  171   288539   275955   259879   225510   94.30%   90.19%   84.94%   73.70%
  170   288811   276343   260440   226105   94.39%   90.32%   85.12%   73.90%
  169   289085   276728   261040   226926   94.48%   90.44%   85.32%   74.17%
  168   289347   277100   261567   227759   94.57%   90.57%   85.49%   74.44%
  167   289653   277479   262160   228682   94.67%   90.69%   85.68%   74.74%
  166   289898   277849   262654   229539   94.75%   90.81%   85.84%   75.02%
  165   290113   278126   263046   230000   94.82%   90.90%   85.97%   75.17%
  164   290370   278431   263545   230685   94.90%   91.00%   86.14%   75.40%
  163   290601   278767   263958   231075   94.98%   91.11%   86.27%   75.52%
  162   290874   279054   264375   231642   95.07%   91.20%   86.41%   75.71%
  161   291134   279380   264804   232197   95.15%   91.31%   86.55%   75.89%
  160   291344   279653   265122   232583   95.22%   91.40%   86.65%   76.02%
  159   291612   280083   265764   233417   95.31%   91.54%   86.86%   76.29%
  158   291819   280438   266301   234103   95.38%   91.66%   87.04%   76.51%
  157   292066   280829   266791   234707   95.46%   91.78%   87.20%   76.71%
  156   292316   281174   267291   235873   95.54%   91.90%   87.36%   77.09%
  155   292604   281641   267905   237774   95.63%   92.05%   87.56%   77.71%
  154   292817   281921   268267   238156   95.70%   92.14%   87.68%   77.84%
  153   293033   282252   268707   238736   95.77%   92.25%   87.82%   78.03%
  152   293247   282526   269079   239436   95.84%   92.34%   87.94%   78.26%
  151   293469   282797   269469   239865   95.92%   92.43%   88.07%   78.40%
  150   293585   283043   269869   240585   95.95%   92.51%   88.20%   78.63%
  149   293826   283334   270264   240985   96.03%   92.60%   88.33%   78.76%
  148   294054   283670   270732   241809   96.11%   92.71%   88.48%   79.03%
  147   294293   283968   271096   242200   96.18%   92.81%   88.60%   79.16%
  146   294596   284321   271516   242822   96.28%   92.93%   88.74%   79.36%
  145   294816   284584   271866   243103   96.36%   93.01%   88.85%   79.45%
  144   295042   284921   272351   243734   96.43%   93.12%   89.01%   79.66%
  143   295243   285359   273059   244371   96.50%   93.26%   89.24%   79.87%
  142   295375   285548   273320   244651   96.54%   93.33%   89.33%   79.96%
  141   295591   285802   273623   244906   96.61%   93.41%   89.43%   80.04%
  140   295763   286041   273969   245930   96.67%   93.49%   89.54%   80.38%
  139   295993   286343   274309   246311   96.74%   93.59%   89.65%   80.50%
  138   296194   286688   274761   246766   96.81%   93.70%   89.80%   80.65%
  137   296294   286819   274968   246912   96.84%   93.74%   89.87%   80.70%
  136   296474   287071   275218   247226   96.90%   93.82%   89.95%   80.80%
  135   296687   287358   275554   247602   96.97%   93.92%   90.06%   80.92%
  134   296767   287499   275777   247959   96.99%   93.96%   90.13%   81.04%
  133   296915   287838   276259   248555   97.04%   94.08%   90.29%   81.24%
  132   297095   288260   277006   249669   97.10%   94.21%   90.53%   81.60%
  131   297324   288527   277393   250137   97.18%   94.30%   90.66%   81.75%
  130   297506   288820   277930   251058   97.23%   94.40%   90.84%   82.05%
  129   297791   289301   278578   251694   97.33%   94.55%   91.05%   82.26%
  128   297942   289539   278950   252187   97.38%   94.63%   91.17%   82.42%
  127   298202   289910   279435   252835   97.46%   94.75%   91.33%   82.63%
  126   298440   290283   279936   253747   97.54%   94.87%   91.49%   82.93%
  125   298739   290727   280442   254452   97.64%   95.02%   91.66%   83.16%
  124   298997   291039   280822   254906   97.72%   95.12%   91.78%   83.31%
  123   299363   291532   281331   255606   97.84%   95.28%   91.95%   83.54%
  122   299652   291947   281872   256299   97.94%   95.42%   92.13%   83.77%
  121   299905   292192   282112   256826   98.02%   95.50%   92.20%   83.94%
  120   300016   292600   283138   259097   98.06%   95.63%   92.54%   84.68%
  119   300080   292712   283308   259484   98.08%   95.67%   92.59%   84.81%
  118   300418   293157   283807   260320   98.19%   95.81%   92.76%   85.08%
  117   300460   293221   283917   260728   98.20%   95.83%   92.79%   85.21%
  116   300695   293647   284660   261979   98.28%   95.97%   93.04%   85.62%
  115   300949   293894   284863   262282   98.36%   96.05%   93.10%   85.72%
  114   301045   294076   285137   262868   98.39%   96.11%   93.19%   85.91%
  113   301384   294622   285816   263986   98.50%   96.29%   93.41%   86.28%
  112   301464   294944   286570   266086   98.53%   96.40%   93.66%   86.97%
  111   301815   295350   287002   266501   98.64%   96.53%   93.80%   87.10%
  110   302120   296092   288012   267872   98.74%   96.77%   94.13%   87.55%
  109   302454   296484   288356   268430   98.85%   96.90%   94.24%   87.73%
  108   302511   296599   288499   268778   98.87%   96.94%   94.29%   87.85%
  107   302808   296979   288912   269267   98.97%   97.06%   94.43%   88.01%
  106   303118   297570   289760   270349   99.07%   97.26%   94.70%   88.36%
  105   303431   297990   290139   270736   99.17%   97.39%   94.83%   88.49%
  104   303726   298361   290471   271100   99.27%   97.51%   94.94%   88.60%
  103   303751   298404   290559   271412   99.28%   97.53%   94.96%   88.71%
  102   304010   298727   290876   271837   99.36%   97.63%   95.07%   88.85%
  101   304056   298827   291017   272210   99.38%   97.67%   95.11%   88.97%
  100   304261   299252   291703   273531   99.44%   97.81%   95.34%   89.40%
   99   304481   299660   292399   274780   99.51%   97.94%   95.57%   89.81%
   98   304600   299876   292794   275568   99.55%   98.01%   95.69%   90.06%
   97   304766   300292   293345   276417   99.61%   98.15%   95.88%   90.34%
   96   304881   300643   293771   277011   99.65%   98.26%   96.01%   90.54%
   95   304921   300805   294069   277786   99.66%   98.31%   96.11%   90.79%
   94   304961   300946   294328   278204   99.67%   98.36%   96.20%   90.93%
   93   304994   301015   294408   278430   99.68%   98.38%   96.22%   91.00%
   92   305069   301359   294885   279080   99.71%   98.49%   96.38%   91.21%
   91   305129   301762   295411   279632   99.73%   98.63%   96.55%   91.39%
   90   305169   301898   295677   280134   99.74%   98.67%   96.64%   91.56%
   89   305208   302400   296487   281239   99.75%   98.83%   96.90%   91.92%
   88   305240   302818   297190   282370   99.76%   98.97%   97.13%   92.29%
   87   305257   303083   297652   283591   99.77%   99.06%   97.28%   92.69%
   86   305278   303150   297770   284036   99.78%   99.08%   97.32%   92.83%
   85   305295   303238   297917   284576   99.78%   99.11%   97.37%   93.01%
   84   305314   303272   297961   284723   99.79%   99.12%   97.38%   93.06%
   83   305352   303345   298097   285159   99.80%   99.14%   97.43%   93.20%
   82   305374   303373   298151   285307   99.81%   99.15%   97.45%   93.25%
   81   305413   303449   298321   285758   99.82%   99.18%   97.50%   93.40%
   80   305441   303569   298554   286245   99.83%   99.22%   97.58%   93.55%
   79   305461   303631   298676   286471   99.83%   99.24%   97.62%   93.63%
   78   305487   304071   299364   287350   99.84%   99.38%   97.84%   93.92%
   77   305509   304248   299951   288726   99.85%   99.44%   98.03%   94.37%
   76   305527   304280   299993   288941   99.86%   99.45%   98.05%   94.44%
   75   305547   304318   300072   289115   99.86%   99.46%   98.07%   94.49%
   74   305578   304356   300119   289269   99.87%   99.47%   98.09%   94.54%
   73   305600   304405   300205   289516   99.88%   99.49%   98.12%   94.62%
   72   305608   304429   300229   289634   99.88%   99.50%   98.12%   94.66%
   71   305622   304455   300265   289765   99.89%   99.51%   98.14%   94.70%
   70   305641   304487   300326   289940   99.89%   99.52%   98.16%   94.76%
   69   305655   304560   300425   290073   99.90%   99.54%   98.19%   94.81%
   68   305666   304649   300670   290461   99.90%   99.57%   98.27%   94.93%
   67   305674   304746   301048   291113   99.90%   99.60%   98.39%   95.15%
   66   305693   304799   301137   291308   99.91%   99.62%   98.42%   95.21%
   65   305707   304860   301343   291764   99.92%   99.64%   98.49%   95.36%
   64   305729   304964   301730   292288   99.92%   99.67%   98.62%   95.53%
   63   305747   305018   301795   292424   99.93%   99.69%   98.64%   95.57%
   62   305763   305062   301860   292595   99.93%   99.70%   98.66%   95.63%
   61   305772   305097   301929   292738   99.94%   99.72%   98.68%   95.68%
   60   305777   305163   302045   292951   99.94%   99.74%   98.72%   95.75%
   59   305792   305192   302104   293096   99.94%   99.75%   98.74%   95.79%
   58   305796   305223   302157   293205   99.94%   99.76%   98.76%   95.83%
   57   305804   305278   302567   293877   99.95%   99.78%   98.89%   96.05%
   56   305815   305293   302598   293958   99.95%   99.78%   98.90%   96.08%
   55   305826   305322   302680   294110   99.95%   99.79%   98.93%   96.13%
   54   305846   305354   302752   294281   99.96%   99.80%   98.95%   96.18%
   53   305853   305401   303039   294869   99.96%   99.82%   99.04%   96.37%
   52   305864   305429   303105   295013   99.97%   99.82%   99.06%   96.42%
   51   305871   305470   303658   295898   99.97%   99.84%   99.25%   96.71%
   50   305874   305488   303732   296088   99.97%   99.84%   99.27%   96.77%
   49   305878   305505   304020   296843   99.97%   99.85%   99.36%   97.02%
   48   305882   305538   304075   296954   99.97%   99.86%   99.38%   97.05%
   47   305890   305570   304114   297053   99.98%   99.87%   99.39%   97.09%
   46   305900   305597   304148   297126   99.98%   99.88%   99.41%   97.11%
   45   305905   305628   304179   297203   99.98%   99.89%   99.42%   97.14%
   44   305909   305648   304203   297255   99.98%   99.90%   99.42%   97.15%
   43   305911   305665   304233   297328   99.98%   99.90%   99.43%   97.18%
   42   305919   305719   304297   297442   99.98%   99.92%   99.45%   97.21%
   41   305919   305730   304372   297567   99.98%   99.92%   99.48%   97.25%
   40   305920   305736   304415   297606   99.98%   99.92%   99.49%   97.27%
   39   305923   305767   304486   297681   99.99%   99.93%   99.52%   97.29%
   38   305925   305788   304544   297756   99.99%   99.94%   99.54%   97.32%
   37   305933   305812   304630   297864   99.99%   99.95%   99.56%   97.35%
   36   305939   305828   304811   298348   99.99%   99.95%   99.62%   97.51%
   35   305948   305853   304860   298452   99.99%   99.96%   99.64%   97.54%
   34   305960   305874   305000   299208  100.00%   99.97%   99.68%   97.79%
   33   305964   305904   305232   300023  100.00%   99.98%   99.76%   98.06%
   32   305965   305916   305355   301040  100.00%   99.98%   99.80%   98.39%
   31   305965   305920   305428   301569  100.00%   99.98%   99.82%   98.56%
   30   305965   305927   305523   302179  100.00%   99.99%   99.86%   98.76%
   29   305966   305938   305581   303324  100.00%   99.99%   99.87%   99.14%
   28   305966   305940   305613   303410  100.00%   99.99%   99.88%   99.16%
   27   305966   305942   305643   303579  100.00%   99.99%   99.89%   99.22%
   26   305966   305949   305695   303725  100.00%   99.99%   99.91%   99.27%
   25   305966   305952   305716   303794  100.00%  100.00%   99.92%   99.29%
   24   305966   305952   305735   303869  100.00%  100.00%   99.92%   99.31%
   23   305966   305952   305806   303896  100.00%  100.00%   99.95%   99.32%
   22   305966   305952   305816   303977  100.00%  100.00%   99.95%   99.35%
   21   305966   305954   305856   304359  100.00%  100.00%   99.96%   99.47%
   20   305966   305955   305870   304780  100.00%  100.00%   99.97%   99.61%
   19   305966   305958   305875   304961  100.00%  100.00%   99.97%   99.67%
   18   305966   305959   305882   305245  100.00%  100.00%   99.97%   99.76%
   17   305966   305960   305891   305350  100.00%  100.00%   99.98%   99.80%
   16   305966   305960   305900   305534  100.00%  100.00%   99.98%   99.86%
   15   305966   305963   305903   305596  100.00%  100.00%   99.98%   99.88%
   14   305966   305963   305906   305630  100.00%  100.00%   99.98%   99.89%
   13   305966   305964   305908   305713  100.00%  100.00%   99.98%   99.92%
   12   305966   305965   305910   305753  100.00%  100.00%   99.98%   99.93%
   11   305966   305966   305915   305762  100.00%  100.00%   99.98%   99.93%
   10   305966   305966   305915   305777  100.00%  100.00%   99.98%   99.94%
    9   305966   305966   305917   305784  100.00%  100.00%   99.98%   99.94%
    8   305966   305966   305919   305789  100.00%  100.00%   99.98%   99.94%
    7   305966   305966   305943   305804  100.00%  100.00%   99.99%   99.95%
    6   305966   305966   305963   305811  100.00%  100.00%  100.00%   99.95%
    5   305966   305966   305966   305877  100.00%  100.00%  100.00%   99.97%
    4   305966   305966   305966   305951  100.00%  100.00%  100.00%  100.00%
    3   305966   305966   305966   305955  100.00%  100.00%  100.00%  100.00%
    2   305966   305966   305966   305966  100.00%  100.00%  100.00%  100.00%
    1   305966   305966   305966   305966  100.00%  100.00%  100.00%  100.00%

Truncate at first Q
  Len     Q=5    Q=10    Q=15    Q=20
-----  ------  ------  ------  ------
  301  100.0%    8.5%    2.8%    0.4%
  300  100.0%    9.8%    3.7%    1.0%
  299  100.0%   10.5%    4.2%    1.1%
  298  100.0%   10.9%    4.5%    1.2%
  297  100.0%   11.3%    4.8%    1.3%
  296  100.0%   11.6%    4.9%    1.4%
  295  100.0%   12.6%    5.7%    1.7%
  294  100.0%   13.1%    6.0%    1.8%
  293  100.0%   14.3%    7.0%    2.3%
  292  100.0%   14.7%    7.2%    2.3%
  291  100.0%   14.9%    7.3%    2.4%
  290  100.0%   15.8%    8.1%    2.7%
  289  100.0%   16.7%    8.7%    3.0%
  288  100.0%   17.3%    9.0%    3.2%
  287  100.0%   17.9%    9.3%    3.5%
  286  100.0%   18.3%    9.8%    3.7%
  285  100.0%   18.7%   10.2%    3.8%
  284  100.0%   20.1%   11.4%    4.4%
  283  100.0%   20.7%   11.8%    4.7%
  282  100.0%   21.9%   12.9%    5.4%
  281  100.0%   22.5%   13.6%    5.7%
  280  100.0%   23.9%   15.1%    6.6%
  279  100.0%   24.7%   15.6%    7.1%
  278  100.0%   25.2%   15.9%    7.2%
  277  100.0%   25.7%   16.1%    7.5%
  276  100.0%   26.2%   16.4%    7.7%
  275  100.0%   27.0%   17.5%    8.3%
  274  100.0%   28.0%   18.6%    9.0%
  273  100.0%   28.9%   19.7%    9.7%
  272  100.0%   29.6%   20.7%   10.3%
  271  100.0%   30.3%   21.5%   10.8%
  270  100.0%   31.6%   23.1%   11.8%
  269  100.0%   32.3%   24.4%   12.5%
  268  100.0%   33.0%   25.5%   13.3%
  267  100.0%   33.7%   26.1%   13.9%
  266  100.0%   34.6%   27.3%   14.9%
  265  100.0%   35.5%   27.9%   15.4%
  264  100.0%   36.1%   28.4%   15.5%
  263  100.0%   36.6%   28.7%   15.7%
  262  100.0%   37.5%   29.5%   16.5%
  261  100.0%   38.2%   31.0%   17.5%
  260  100.0%   38.8%   31.4%   17.9%
  259  100.0%   40.1%   32.2%   18.8%
  258  100.0%   41.3%   34.7%   20.5%
  257  100.0%   41.8%   35.1%   21.0%
  256  100.0%   42.3%   35.5%   21.3%
  255  100.0%   43.1%   36.2%   22.1%
  254  100.0%   43.8%   36.7%   22.8%
  253  100.0%   44.3%   37.1%   23.3%
  252  100.0%   44.9%   37.7%   24.0%
  251  100.0%   45.5%   38.1%   24.7%
  250  100.0%   46.2%   38.5%   25.3%
  249  100.0%   47.6%   40.6%   27.0%
  248  100.0%   48.5%   42.2%   28.4%
  247  100.0%   49.1%   43.6%   29.5%
  246  100.0%   49.7%   44.1%   30.1%
  245  100.0%   50.3%   44.6%   31.0%
  244  100.0%   50.9%   45.1%   31.4%
  243  100.0%   51.1%   45.3%   31.6%
  242  100.0%   51.6%   45.7%   31.8%
  241  100.0%   52.2%   46.2%   32.2%
  240  100.0%   52.9%   46.8%   32.9%
  239  100.0%   54.1%   48.5%   35.0%
  238  100.0%   54.8%   48.9%   35.8%
  237  100.0%   55.8%   50.3%   37.5%
  236  100.0%   56.3%   50.7%   38.3%
  235  100.0%   56.8%   51.1%   38.9%
  234  100.0%   57.5%   52.3%   40.4%
  233  100.0%   57.9%   52.5%   40.8%
  232  100.0%   58.3%   52.9%   41.0%
  231  100.0%   58.9%   53.3%   41.5%
  230  100.0%   59.5%   53.7%   41.9%
  229  100.0%   60.4%   54.6%   43.7%
  228  100.0%   61.4%   55.2%   44.2%
  227  100.0%   62.2%   55.7%   44.6%
  226  100.0%   62.8%   56.2%   45.8%
  225  100.0%   63.4%   56.7%   46.5%
  224  100.0%   63.8%   56.9%   46.7%
  223  100.0%   64.5%   57.4%   47.8%
  222  100.0%   65.3%   57.9%   48.9%
  221  100.0%   65.8%   58.2%   49.2%
  220  100.0%   66.3%   58.5%   49.5%
  219  100.0%   66.7%   58.9%   49.8%
  218  100.0%   67.4%   59.4%   50.2%
  217  100.0%   67.9%   59.8%   50.8%
  216  100.0%   68.5%   60.2%   51.6%
  215  100.0%   69.0%   60.4%   51.9%
  214  100.0%   69.4%   60.8%   52.5%
  213  100.0%   69.6%   61.0%   52.7%
  212  100.0%   70.1%   61.3%   53.2%
  211  100.0%   70.4%   61.5%   53.5%
  210  100.0%   71.2%   62.2%   54.8%
  209  100.0%   71.4%   62.7%   55.5%
  208  100.0%   71.7%   63.0%   55.8%
  207  100.0%   72.6%   63.5%   57.2%
  206  100.0%   73.1%   64.0%   58.1%
  205  100.0%   73.9%   64.4%   58.7%
  204  100.0%   74.4%   64.6%   59.1%
  203  100.0%   74.7%   64.8%   59.6%
  202  100.0%   74.9%   65.2%   60.0%
  201  100.0%   75.1%   65.4%   60.2%
  200  100.0%   75.4%   65.7%   60.9%
  199  100.0%   75.7%   65.9%   61.3%
  198  100.0%   76.1%   66.2%   61.6%
  197  100.0%   76.5%   66.5%   61.9%
  196  100.0%   77.3%   66.9%   63.2%
  195  100.0%   78.1%   67.4%   64.2%
  194  100.0%   78.7%   67.7%   65.0%
  193  100.0%   79.0%   67.9%   65.4%
  192  100.0%   79.5%   68.2%   66.1%
  191  100.0%   79.8%   68.3%   66.5%
  190  100.0%   79.9%   68.6%   66.8%
  189  100.0%   80.0%   68.8%   67.0%
  188  100.0%   80.2%   69.2%   67.5%
  187  100.0%   80.3%   69.6%   67.9%
  186  100.0%   80.5%   70.1%   68.4%
  185  100.0%   80.7%   70.3%   68.8%
  184  100.0%   80.8%   70.6%   69.1%
  183  100.0%   80.9%   70.8%   69.3%
  182  100.0%   81.1%   70.9%   69.5%
  181  100.0%   81.2%   71.1%   69.7%
  180  100.0%   81.3%   71.3%   69.9%
  179  100.0%   81.3%   71.6%   70.1%
  178  100.0%   81.9%   71.9%   70.5%
  177  100.0%   82.2%   72.1%   70.7%
  176  100.0%   83.0%   72.5%   71.2%
  175  100.0%   83.1%   72.7%   71.4%
  174  100.0%   83.2%   72.9%   71.6%
  173  100.0%   83.3%   73.0%   71.7%
  172  100.0%   83.5%   73.3%   72.0%
  171  100.0%   84.0%   73.5%   72.2%
  170  100.0%   84.4%   73.7%   72.5%
  169  100.0%   84.8%   73.9%   72.7%
  168  100.0%   84.9%   74.1%   72.9%
  167  100.0%   85.0%   74.4%   73.2%
  166  100.0%   85.1%   74.7%   73.5%
  165  100.0%   85.1%   75.0%   73.8%
  164  100.0%   85.2%   75.1%   74.0%
  163  100.0%   85.3%   75.3%   74.3%
  162  100.0%   85.4%   75.5%   74.4%
  161  100.0%   85.4%   75.7%   74.6%
  160  100.0%   85.5%   75.8%   74.8%
  159  100.0%   85.6%   75.9%   74.9%
  158  100.0%   85.7%   76.2%   75.2%
  157  100.0%   85.8%   76.4%   75.4%
  156  100.0%   86.0%   76.6%   75.6%
  155  100.0%   86.1%   77.0%   76.0%
  154  100.0%   86.4%   77.6%   76.6%
  153  100.0%   86.5%   77.7%   76.8%
  152  100.0%   86.7%   77.9%   76.9%
  151  100.0%   86.7%   78.2%   77.2%
  150  100.0%   86.8%   78.3%   77.3%
  149  100.0%   87.0%   78.5%   77.5%
  148  100.0%   87.2%   78.7%   77.7%
  147  100.0%   87.5%   78.9%   78.0%
  146  100.0%   87.5%   79.0%   78.1%
  145  100.0%   87.8%   79.2%   78.3%
  144  100.0%   87.9%   79.3%   78.4%
  143  100.0%   87.9%   79.5%   78.6%
  142  100.0%   88.1%   79.7%   78.8%
  141  100.0%   88.1%   79.8%   78.9%
  140  100.0%   88.2%   79.9%   79.0%
  139  100.0%   88.2%   80.2%   79.4%
  138  100.0%   88.4%   80.4%   79.5%
  137  100.0%   88.5%   80.5%   79.6%
  136  100.0%   88.5%   80.6%   79.7%
  135  100.0%   88.5%   80.7%   79.8%
  134  100.0%   88.6%   80.8%   79.9%
  133  100.0%   88.8%   80.9%   80.0%
  132  100.0%   88.9%   81.1%   80.2%
  131  100.0%   89.8%   81.4%   80.6%
  130  100.0%   90.0%   81.6%   80.8%
  129  100.0%   90.0%   81.9%   81.1%
  128  100.0%   90.0%   82.1%   81.3%
  127  100.0%   90.2%   82.2%   81.4%
  126  100.0%   90.2%   82.4%   81.7%
  125  100.0%   90.2%   82.7%   82.0%
  124  100.0%   90.2%   83.0%   82.2%
  123  100.0%   90.2%   83.1%   82.4%
  122  100.0%   90.3%   83.2%   82.6%
  121  100.0%   90.9%   83.3%   82.8%
  120  100.0%   91.1%   83.4%   82.8%
  119  100.0%   92.1%   84.1%   83.7%
  118  100.0%   92.3%   84.2%   83.8%
  117  100.0%   92.7%   84.4%   84.0%
  116  100.0%   92.7%   84.4%   84.1%
  115  100.0%   92.8%   84.8%   84.5%
  114  100.0%   92.8%   84.9%   84.5%
  113  100.0%   92.8%   85.0%   84.7%
  112  100.0%   93.4%   85.4%   85.0%
  111  100.0%   93.5%   86.0%   85.6%
  110  100.0%   93.7%   86.1%   85.8%
  109  100.0%   95.0%   86.5%   86.2%
  108  100.0%   95.4%   86.6%   86.3%
  107  100.0%   95.5%   86.7%   86.4%
  106  100.0%   95.6%   86.8%   86.5%
  105  100.0%   95.8%   87.1%   86.8%
  104  100.0%   95.9%   87.2%   86.9%
  103  100.0%   95.9%   87.3%   87.0%
  102  100.0%   96.0%   87.3%   87.1%
  101  100.0%   96.0%   87.4%   87.2%
  100  100.0%   96.0%   87.5%   87.3%
   99  100.0%   96.2%   87.9%   87.7%
   98  100.0%   96.3%   88.3%   88.2%
   97  100.0%   96.3%   88.6%   88.5%
   96  100.0%   96.3%   88.8%   88.8%
   95  100.0%   96.3%   89.0%   88.9%
   94  100.0%   96.3%   89.2%   89.2%
   93  100.0%   96.3%   89.3%   89.3%
   92  100.0%   96.3%   89.4%   89.3%
   91  100.0%   96.3%   89.6%   89.5%
   90  100.0%   96.4%   89.7%   89.7%
   89  100.0%   96.4%   89.9%   89.8%
   88  100.0%   96.5%   90.2%   90.1%
   87  100.0%   96.6%   90.5%   90.4%
   86  100.0%   96.9%   90.8%   90.8%
   85  100.0%   97.1%   90.9%   90.9%
   84  100.0%   97.2%   91.1%   91.1%
   83  100.0%   97.3%   91.1%   91.1%
   82  100.0%   97.4%   91.2%   91.2%
   81  100.0%   97.4%   91.2%   91.2%
   80  100.0%   97.4%   91.5%   91.4%
   79  100.0%   97.4%   91.6%   91.6%
   78  100.0%   97.4%   91.6%   91.6%
   77  100.0%   98.0%   91.8%   91.8%
   76  100.0%   98.8%   92.1%   92.0%
   75  100.0%   98.9%   92.1%   92.1%
   74  100.0%   98.9%   92.1%   92.1%
   73  100.0%   98.9%   92.2%   92.1%
   72  100.0%   98.9%   92.2%   92.2%
   71  100.0%   98.9%   92.2%   92.2%
   70  100.0%   98.9%   92.3%   92.2%
   69  100.0%   98.9%   92.3%   92.3%
   68  100.0%   98.9%   92.4%   92.3%
   67  100.0%   98.9%   92.4%   92.4%
   66  100.0%   98.9%   92.5%   92.5%
   65  100.0%   99.0%   92.6%   92.5%
   64  100.0%   99.0%   92.7%   92.6%
   63  100.0%   99.0%   92.7%   92.7%
   62  100.0%   99.0%   92.8%   92.7%
   61  100.0%   99.0%   92.8%   92.8%
   60  100.0%   99.0%   92.9%   92.8%
   59  100.0%   99.0%   92.9%   92.9%
   58  100.0%   99.0%   92.9%   92.9%
   57  100.0%   99.0%   93.0%   92.9%
   56  100.0%   99.0%   93.1%   93.1%
   55  100.0%   99.0%   93.1%   93.1%
   54  100.0%   99.0%   93.2%   93.1%
   53  100.0%   99.0%   93.2%   93.2%
   52  100.0%   99.0%   93.4%   93.3%
   51  100.0%   99.0%   93.4%   93.3%
   50  100.0%   99.0%   93.6%   93.6%

    305966  Recs (306.0k), 0 too long
     301.0  Avg length
     92.1M  Bases

              Id      Allocs       Frees     Pct         Bytes
----------------  ----------  ----------  ------  ------------
----------------  ----------  ----------  ------  ------------
           Total           0           0    0.0%          0.0b

        37Mb  Curr mem
        37Mb  Peak mem
        0.0b  Total alloc
        0.0b  Total free
        0.0b  Net
        37Mb  +Excess

            Type        Busy        Free         Mem   MaxRefCnt        Gets      Allocs       Frees
----------------  ----------  ----------  ----------  ----------  ----------  ----------  ----------
         SeqInfo           0           0        0.0b           0
        PathInfo           0           0        0.0b           0
     AlignResult           0           0        0.0b           0

Finished Mon Sep 28 17:03:47 2015
Elapsed time 00:05
Max memory 37Mb
