usearch v7.0.1090_i86linux32, 4.0Gb RAM (7.7Gb total), 2 cores
usearch -fastq_stats raw/Rhizophere10_S20_L001_R1_001.fastq -log Rh10_R1.stats.log 
Started Mon Sep 28 17:04:50 2015

Read length distribution
      L           N      Pct   AccPct
-------  ----------  -------  -------
>=  301       32049   100.0%   100.0%

Q score distribution
ASCII    Q       Pe           N      Pct   AccPct
-----  ---  -------  ----------  -------  -------
    G   38  0.00016     3603587    37.4%    37.4%
    F   37  0.00020     1002283    10.4%    47.7%
    E   36  0.00025      394691     4.1%    51.8%
    D   35  0.00032      194032     2.0%    53.8%
    C   34  0.00040      660755     6.8%    60.7%
    B   33  0.00050       91406     0.9%    61.6%
    A   32  0.00063       97608     1.0%    62.7%
    @   31  0.00079      163901     1.7%    64.4%
    ?   30  0.00100      104392     1.1%    65.4%
    >   29  0.00126      117066     1.2%    66.7%
    =   28  0.00158       84052     0.9%    67.5%
    <   27  0.00200      186879     1.9%    69.5%
    ;   26  0.00251       71311     0.7%    70.2%
    :   25  0.00316      202093     2.1%    72.3%
    9   24  0.00398      145732     1.5%    73.8%
    8   23  0.00501      136891     1.4%    75.2%
    7   22  0.00631      149639     1.6%    76.8%
    6   21  0.00794       97877     1.0%    77.8%
    5   20  0.01000      122146     1.3%    79.1%
    4   19  0.01259      103576     1.1%    80.1%
    3   18  0.01585      105911     1.1%    81.2%
    2   17  0.01995      104047     1.1%    82.3%
    1   16  0.02512       81579     0.8%    83.2%
    0   15  0.03162       81419     0.8%    84.0%
    /   14  0.03981       67078     0.7%    84.7%
    .   13  0.05012       61386     0.6%    85.3%
    -   12  0.06310       47893     0.5%    85.8%
    ,   11  0.07943      376259     3.9%    89.7%
    +   10  0.10000      245403     2.5%    92.3%
    *    9  0.12589      379867     3.9%    96.2%
    )    8  0.15849      225130     2.3%    98.5%
    (    7  0.19953      140860     1.5%   100.0%

    L  PctRecs  AvgQ  P(AvgQ)      AvgP  AvgEE       Rate   RatePct
-----  -------  ----  -------  --------  -----  ---------  --------
    2   100.0%  33.8   0.0004   0.00057   0.00   0.001813    0.181%
    3   100.0%  33.8   0.0004  0.000516   0.00   0.001381    0.138%
    4   100.0%  33.9   0.0004  0.000484   0.00   0.001157    0.116%
    5   100.0%  33.9   0.0004  0.000489   0.01   0.001023    0.102%
    6   100.0%  37.8  0.00016  0.000218   0.01   0.000889    0.089%
    7   100.0%  37.7  0.00016  0.000261   0.01   0.000799    0.080%
    8   100.0%  37.6  0.00016  0.000404   0.01   0.000750    0.075%
    9   100.0%  37.7  0.00016  0.000286   0.01   0.000698    0.070%
   10   100.0%  37.7  0.00016  0.000278   0.01   0.000656    0.066%
   11   100.0%  37.8  0.00016  0.000225   0.01   0.000617    0.062%
   12   100.0%  37.8  0.00016  0.000297   0.01   0.000590    0.059%
   13   100.0%  37.6  0.00016  0.000341   0.01   0.000571    0.057%
   14   100.0%  37.8  0.00016  0.000232   0.01   0.000547    0.055%
   15   100.0%  37.7  0.00016  0.000292   0.01   0.000530    0.053%
   16   100.0%  37.7  0.00016  0.000393   0.01   0.000521    0.052%
   17   100.0%  37.6  0.00016  0.000373   0.01   0.000513    0.051%
   18   100.0%  36.9   0.0002   0.00135   0.01   0.000559    0.056%
   19   100.0%  37.3   0.0002  0.000544   0.01   0.000558    0.056%
   20   100.0%  37.2   0.0002  0.000681   0.01   0.000565    0.056%
   21   100.0%  36.9   0.0002   0.00142   0.01   0.000605    0.061%
   22   100.0%  37.0   0.0002   0.00127   0.01   0.000636    0.064%
   23   100.0%  37.4   0.0002  0.000444   0.01   0.000627    0.063%
   24   100.0%  37.3   0.0002   0.00057   0.01   0.000625    0.062%
   25   100.0%  37.5   0.0002  0.000396   0.02   0.000616    0.062%
   26   100.0%  36.9   0.0002  0.000801   0.02   0.000623    0.062%
   27   100.0%  36.5   0.0002   0.00173   0.02   0.000664    0.066%
   28   100.0%  37.1   0.0002  0.000522   0.02   0.000659    0.066%
   29   100.0%  35.2  0.00032    0.0043   0.02   0.000784    0.078%
   30   100.0%  35.8  0.00025   0.00345   0.03   0.000873    0.087%
   31   100.0%  36.8   0.0002   0.00103   0.03   0.000878    0.088%
   32   100.0%  35.3  0.00032   0.00451   0.03   0.000992    0.099%
   33   100.0%  34.8  0.00032   0.00573   0.04   0.001135    0.114%
   34   100.0%  36.3  0.00025   0.00175   0.04   0.001153    0.115%
   35   100.0%  37.3   0.0002  0.000424   0.04   0.001132    0.113%
   36   100.0%  36.3  0.00025   0.00159   0.04   0.001145    0.114%
   37   100.0%  37.3   0.0002  0.000467   0.04   0.001127    0.113%
   38   100.0%  37.5   0.0002  0.000443   0.04   0.001109    0.111%
   39   100.0%  37.5   0.0002  0.000561   0.04   0.001095    0.109%
   40   100.0%  37.3   0.0002  0.000763   0.04   0.001086    0.109%
   41   100.0%  37.0   0.0002   0.00132   0.04   0.001092    0.109%
   42   100.0%  37.2   0.0002  0.000609   0.05   0.001080    0.108%
   43   100.0%  37.5   0.0002  0.000467   0.05   0.001066    0.107%
   44   100.0%  37.5   0.0002  0.000489   0.05   0.001053    0.105%
   45   100.0%  37.4   0.0002  0.000635   0.05   0.001044    0.104%
   46   100.0%  37.2   0.0002  0.000886   0.05   0.001040    0.104%
   47   100.0%  36.9   0.0002   0.00149   0.05   0.001050    0.105%
   48   100.0%  36.5  0.00025   0.00211   0.05   0.001072    0.107%
   49   100.0%  35.3  0.00032   0.00423   0.06   0.001136    0.114%
   50   100.0%  36.5   0.0002   0.00204   0.06   0.001155    0.115%
   51   100.0%  35.0  0.00032   0.00518   0.06   0.001233    0.123%
   52   100.0%  36.6   0.0002   0.00142   0.06   0.001237    0.124%
   53   100.0%  35.7  0.00025   0.00334   0.07   0.001277    0.128%
   54   100.0%  36.3  0.00025   0.00208   0.07   0.001292    0.129%
   55   100.0%  36.7   0.0002   0.00158   0.07   0.001297    0.130%
   56   100.0%  36.6   0.0002     0.002   0.07   0.001309    0.131%
   57   100.0%  34.6  0.00032    0.0056   0.08   0.001385    0.138%
   58   100.0%  36.3  0.00025   0.00221   0.08   0.001399    0.140%
   59   100.0%  36.5   0.0002    0.0021   0.08   0.001411    0.141%
   60   100.0%  35.9  0.00025   0.00326   0.09   0.001442    0.144%
   61   100.0%  36.6   0.0002   0.00214   0.09   0.001453    0.145%
   62   100.0%  36.2  0.00025   0.00235   0.09   0.001468    0.147%
   63   100.0%  36.3  0.00025   0.00236   0.09   0.001482    0.148%
   64   100.0%  34.9  0.00032   0.00499   0.10   0.001537    0.154%
   65   100.0%  35.6  0.00025   0.00331   0.10   0.001564    0.156%
   66   100.0%  36.1  0.00025   0.00269   0.10   0.001581    0.158%
   67   100.0%  35.9  0.00025   0.00333   0.11   0.001607    0.161%
   68   100.0%  36.1  0.00025   0.00333   0.11   0.001632    0.163%
   69   100.0%  36.2  0.00025   0.00296   0.11   0.001652    0.165%
   70   100.0%  35.8  0.00025   0.00283   0.12   0.001669    0.167%
   71   100.0%  36.5  0.00025   0.00196   0.12   0.001673    0.167%
   72   100.0%  36.5   0.0002   0.00217   0.12   0.001680    0.168%
   73   100.0%  36.5   0.0002    0.0016   0.12   0.001678    0.168%
   74   100.0%  36.0  0.00025   0.00272   0.13   0.001693    0.169%
   75   100.0%  36.0  0.00025   0.00265   0.13   0.001705    0.171%
   76   100.0%  36.2  0.00025   0.00181   0.13   0.001707    0.171%
   77   100.0%  33.6   0.0004   0.00723   0.14   0.001778    0.178%
   78   100.0%  33.5   0.0005   0.00882   0.15   0.001869    0.187%
   79   100.0%  35.2  0.00032   0.00417   0.15   0.001898    0.190%
   80   100.0%  35.4  0.00032   0.00417   0.15   0.001926    0.193%
   81   100.0%  35.5  0.00025   0.00244   0.16   0.001932    0.193%
   82   100.0%  36.3  0.00025   0.00167   0.16   0.001929    0.193%
   83   100.0%  35.7  0.00025   0.00286   0.16   0.001941    0.194%
   84   100.0%  36.0  0.00025   0.00266   0.16   0.001949    0.195%
   85   100.0%  34.8  0.00032   0.00503   0.17   0.001985    0.199%
   86   100.0%  35.5  0.00025   0.00367   0.17   0.002005    0.200%
   87   100.0%  33.1   0.0005   0.00944   0.18   0.002090    0.209%
   88   100.0%  33.0   0.0005    0.0101   0.19   0.002181    0.218%
   89   100.0%  32.8   0.0005    0.0107   0.20   0.002277    0.228%
   90   100.0%  33.9   0.0004   0.00666   0.21   0.002325    0.233%
   91   100.0%  33.5   0.0005   0.00839   0.22   0.002392    0.239%
   92   100.0%  34.0   0.0004   0.00597   0.22   0.002431    0.243%
   93   100.0%  35.1  0.00032   0.00392   0.23   0.002447    0.245%
   94   100.0%  35.4  0.00032   0.00398   0.23   0.002464    0.246%
   95   100.0%  35.5  0.00025   0.00398   0.24   0.002479    0.248%
   96   100.0%  34.2   0.0004   0.00661   0.24   0.002522    0.252%
   97   100.0%  34.0   0.0004   0.00715   0.25   0.002570    0.257%
   98   100.0%  34.7  0.00032   0.00474   0.25   0.002592    0.259%
   99   100.0%  32.7   0.0005   0.00982   0.26   0.002665    0.267%
  100   100.0%  32.1  0.00063    0.0117   0.28   0.002756    0.276%
  101   100.0%  34.4   0.0004     0.004   0.28   0.002768    0.277%
  102   100.0%  33.2   0.0005   0.00885   0.29   0.002828    0.283%
  103   100.0%  35.1  0.00032   0.00325   0.29   0.002832    0.283%
  104   100.0%  33.4   0.0005   0.00857   0.30   0.002887    0.289%
  105   100.0%  33.8   0.0004   0.00806   0.31   0.002936    0.294%
  106   100.0%  33.7   0.0004   0.00764   0.32   0.002981    0.298%
  107   100.0%  33.7   0.0004   0.00815   0.32   0.003029    0.303%
  108   100.0%  34.7  0.00032   0.00411   0.33   0.003039    0.304%
  109   100.0%  33.8   0.0004   0.00781   0.34   0.003083    0.308%
  110   100.0%  34.4   0.0004   0.00591   0.34   0.003109    0.311%
  111   100.0%  34.0   0.0004   0.00757   0.35   0.003149    0.315%
  112   100.0%  35.2  0.00032   0.00333   0.35   0.003150    0.315%
  113   100.0%  33.8   0.0004   0.00766   0.36   0.003190    0.319%
  114   100.0%  34.3   0.0004   0.00583   0.37   0.003214    0.321%
  115   100.0%  33.5   0.0005   0.00774   0.37   0.003253    0.325%
  116   100.0%  32.3  0.00063    0.0103   0.38   0.003314    0.331%
  117   100.0%  34.8  0.00032   0.00345   0.39   0.003315    0.331%
  118   100.0%  32.7   0.0005   0.00975   0.40   0.003369    0.337%
  119   100.0%  34.3   0.0004   0.00534   0.40   0.003386    0.339%
  120   100.0%  34.7  0.00032   0.00457   0.41   0.003396    0.340%
  121   100.0%  33.6   0.0004   0.00794   0.42   0.003433    0.343%
  122   100.0%  33.0   0.0005    0.0097   0.43   0.003485    0.348%
  123   100.0%  33.3   0.0005   0.00871   0.43   0.003527    0.353%
  124   100.0%  33.5   0.0005   0.00836   0.44   0.003566    0.357%
  125   100.0%  33.1   0.0005   0.00903   0.45   0.003610    0.361%
  126   100.0%  33.3   0.0005   0.00849   0.46   0.003648    0.365%
  127   100.0%  33.1   0.0005   0.00886   0.47   0.003689    0.369%
  128   100.0%  33.8   0.0004   0.00677   0.48   0.003714    0.371%
  129   100.0%  32.5   0.0005   0.00996   0.49   0.003762    0.376%
  130   100.0%  33.9   0.0004   0.00545   0.49   0.003775    0.377%
  131   100.0%  32.3  0.00063    0.0111   0.50   0.003831    0.383%
  132   100.0%  32.9   0.0005   0.00827   0.51   0.003864    0.386%
  133   100.0%  33.8   0.0004   0.00675   0.52   0.003886    0.389%
  134   100.0%  33.9   0.0004    0.0067   0.52   0.003907    0.391%
  135   100.0%  32.6   0.0005   0.00948   0.53   0.003948    0.395%
  136   100.0%  32.3  0.00063    0.0102   0.54   0.003994    0.399%
  137   100.0%  33.1   0.0005   0.00834   0.55   0.004026    0.403%
  138   100.0%  32.8   0.0005   0.00906   0.56   0.004062    0.406%
  139   100.0%  31.9  0.00063    0.0116   0.57   0.004116    0.412%
  140   100.0%  31.7  0.00063    0.0119   0.58   0.004172    0.417%
  141   100.0%  31.9  0.00063    0.0112   0.60   0.004222    0.422%
  142   100.0%  31.1  0.00079    0.0129   0.61   0.004283    0.428%
  143   100.0%  31.2  0.00079    0.0131   0.62   0.004344    0.434%
  144   100.0%  31.5  0.00079    0.0123   0.63   0.004399    0.440%
  145   100.0%  31.7  0.00063    0.0117   0.65   0.004449    0.445%
  146   100.0%  31.4  0.00079    0.0129   0.66   0.004507    0.451%
  147   100.0%  31.7  0.00063    0.0118   0.67   0.004557    0.456%
  148   100.0%  31.7  0.00063    0.0121   0.68   0.004607    0.461%
  149   100.0%  31.4  0.00079     0.013   0.69   0.004664    0.466%
  150   100.0%  32.1  0.00063    0.0102   0.71   0.004701    0.470%
  151   100.0%  31.6  0.00063    0.0121   0.72   0.004750    0.475%
  152   100.0%  31.3  0.00079    0.0124   0.73   0.004800    0.480%
  153   100.0%  31.1  0.00079    0.0134   0.74   0.004856    0.486%
  154   100.0%  30.5  0.00079    0.0148   0.76   0.004921    0.492%
  155   100.0%  30.6  0.00079    0.0144   0.77   0.004982    0.498%
  156   100.0%  30.9  0.00079     0.014   0.79   0.005040    0.504%
  157   100.0%  30.8  0.00079     0.014   0.80   0.005097    0.510%
  158   100.0%  30.6  0.00079     0.015   0.82   0.005159    0.516%
  159   100.0%  30.8  0.00079    0.0142   0.83   0.005216    0.522%
  160   100.0%  30.6  0.00079    0.0143   0.84   0.005273    0.527%
  161   100.0%  30.4    0.001    0.0151   0.86   0.005334    0.533%
  162   100.0%  30.3    0.001    0.0155   0.87   0.005396    0.540%
  163   100.0%  30.3    0.001    0.0157   0.89   0.005459    0.546%
  164   100.0%  30.9  0.00079    0.0135   0.90   0.005508    0.551%
  165   100.0%  30.6  0.00079     0.015   0.92   0.005566    0.557%
  166   100.0%  30.7  0.00079    0.0146   0.93   0.005620    0.562%
  167   100.0%  30.7  0.00079    0.0144   0.95   0.005673    0.567%
  168   100.0%  30.9  0.00079    0.0136   0.96   0.005720    0.572%
  169   100.0%  30.6  0.00079    0.0147   0.98   0.005773    0.577%
  170   100.0%  30.5  0.00079    0.0148   0.99   0.005826    0.583%
  171   100.0%  29.9    0.001    0.0168   1.01   0.005890    0.589%
  172   100.0%  30.0    0.001    0.0163   1.02   0.005950    0.595%
  173   100.0%  30.0    0.001    0.0167   1.04   0.006012    0.601%
  174   100.0%  30.1    0.001    0.0158   1.06   0.006069    0.607%
  175   100.0%  30.4    0.001    0.0149   1.07   0.006119    0.612%
  176   100.0%  30.6  0.00079    0.0148   1.09   0.006168    0.617%
  177   100.0%  30.0    0.001    0.0166   1.10   0.006227    0.623%
  178   100.0%  30.0    0.001    0.0161   1.12   0.006282    0.628%
  179   100.0%  30.0    0.001    0.0163   1.13   0.006338    0.634%
  180   100.0%  30.0    0.001    0.0159   1.15   0.006391    0.639%
  181   100.0%  30.4    0.001    0.0148   1.17   0.006438    0.644%
  182   100.0%  30.0    0.001    0.0157   1.18   0.006489    0.649%
  183   100.0%  29.6    0.001     0.017   1.20   0.006546    0.655%
  184   100.0%  29.7    0.001     0.017   1.21   0.006603    0.660%
  185   100.0%  29.4   0.0013    0.0169   1.23   0.006659    0.666%
  186   100.0%  29.5   0.0013    0.0169   1.25   0.006714    0.671%
  187   100.0%  29.5    0.001    0.0166   1.27   0.006767    0.677%
  188   100.0%  29.1   0.0013    0.0176   1.28   0.006825    0.682%
  189   100.0%  28.9   0.0013    0.0187   1.30   0.006888    0.689%
  190   100.0%  28.9   0.0013    0.0179   1.32   0.006945    0.695%
  191   100.0%  29.2   0.0013    0.0175   1.34   0.007000    0.700%
  192   100.0%  28.8   0.0013    0.0194   1.36   0.007065    0.706%
  193   100.0%  28.7   0.0013    0.0193   1.38   0.007128    0.713%
  194   100.0%  28.9   0.0013    0.0185   1.39   0.007187    0.719%
  195   100.0%  27.9   0.0016    0.0216   1.42   0.007260    0.726%
  196   100.0%  28.0   0.0016    0.0218   1.44   0.007335    0.733%
  197   100.0%  26.8    0.002    0.0258   1.46   0.007428    0.743%
  198   100.0%  27.8   0.0016     0.021   1.48   0.007497    0.750%
  199   100.0%  27.7   0.0016    0.0219   1.51   0.007569    0.757%
  200   100.0%  27.5   0.0016     0.022   1.53   0.007641    0.764%
  201   100.0%  27.8   0.0016    0.0209   1.55   0.007707    0.771%
  202   100.0%  27.7   0.0016    0.0212   1.57   0.007774    0.777%
  203   100.0%  26.9    0.002    0.0236   1.59   0.007852    0.785%
  204   100.0%  27.2    0.002    0.0215   1.62   0.007919    0.792%
  205   100.0%  26.9    0.002    0.0231   1.64   0.007993    0.799%
  206   100.0%  26.6    0.002    0.0253   1.66   0.008077    0.808%
  207   100.0%  26.2   0.0025    0.0263   1.69   0.008165    0.816%
  208   100.0%  27.0    0.002    0.0231   1.71   0.008237    0.824%
  209   100.0%  26.8    0.002    0.0243   1.74   0.008313    0.831%
  210   100.0%  27.2    0.002    0.0222   1.76   0.008380    0.838%
  211   100.0%  26.7    0.002    0.0244   1.78   0.008456    0.846%
  212   100.0%  26.4   0.0025    0.0252   1.81   0.008535    0.853%
  213   100.0%  26.3   0.0025    0.0252   1.83   0.008613    0.861%
  214   100.0%  26.4   0.0025    0.0246   1.86   0.008687    0.869%
  215   100.0%  26.6    0.002    0.0242   1.88   0.008760    0.876%
  216   100.0%  26.9    0.002     0.023   1.91   0.008826    0.883%
  217   100.0%  25.9   0.0025    0.0263   1.93   0.008906    0.891%
  218   100.0%  26.7    0.002    0.0232   1.96   0.008972    0.897%
  219   100.0%  26.4   0.0025    0.0242   1.98   0.009041    0.904%
  220   100.0%  25.8   0.0025    0.0265   2.01   0.009121    0.912%
  221   100.0%  26.0   0.0025    0.0247   2.03   0.009191    0.919%
  222   100.0%  26.0   0.0025    0.0258   2.06   0.009266    0.927%
  223   100.0%  25.5   0.0025    0.0292   2.09   0.009356    0.936%
  224   100.0%  26.1   0.0025    0.0249   2.11   0.009425    0.942%
  225   100.0%  26.0   0.0025    0.0256   2.14   0.009497    0.950%
  226   100.0%  25.5   0.0025     0.027   2.16   0.009574    0.957%
  227   100.0%  25.8   0.0025    0.0261   2.19   0.009647    0.965%
  228   100.0%  25.3   0.0032    0.0273   2.22   0.009724    0.972%
  229   100.0%  25.2   0.0032    0.0283   2.25   0.009805    0.981%
  230   100.0%  21.0   0.0079    0.0481   2.29   0.009972    0.997%
  231   100.0%  25.2   0.0032    0.0275   2.32   0.010048    1.005%
  232   100.0%  24.7   0.0032    0.0293   2.35   0.010131    1.013%
  233   100.0%  25.1   0.0032     0.028   2.38   0.010207    1.021%
  234   100.0%  25.1   0.0032    0.0272   2.41   0.010280    1.028%
  235   100.0%  23.1    0.005    0.0379   2.44   0.010397    1.040%
  236   100.0%  24.4    0.004    0.0305   2.47   0.010483    1.048%
  237   100.0%  24.6   0.0032    0.0301   2.50   0.010565    1.057%
  238   100.0%  23.4    0.005    0.0373   2.54   0.010678    1.068%
  239   100.0%  24.4    0.004    0.0311   2.57   0.010763    1.076%
  240   100.0%  21.5   0.0079    0.0456   2.62   0.010908    1.091%
  241   100.0%  22.8    0.005    0.0392   2.66   0.011026    1.103%
  242   100.0%  24.5    0.004    0.0294   2.69   0.011102    1.110%
  243   100.0%  24.2    0.004    0.0314   2.72   0.011185    1.119%
  244   100.0%  24.4    0.004    0.0307   2.75   0.011265    1.127%
  245   100.0%  24.6   0.0032    0.0303   2.78   0.011343    1.134%
  246   100.0%  23.3    0.005    0.0376   2.82   0.011450    1.145%
  247   100.0%  22.6    0.005    0.0407   2.86   0.011568    1.157%
  248   100.0%  19.6     0.01    0.0543   2.91   0.011740    1.174%
  249   100.0%  20.9   0.0079    0.0484   2.96   0.011888    1.189%
  250   100.0%  22.9    0.005    0.0386   3.00   0.011994    1.199%
  251   100.0%  23.4    0.005    0.0345   3.03   0.012084    1.208%
  252   100.0%  22.9    0.005    0.0377   3.07   0.012186    1.219%
  253   100.0%  21.2   0.0079    0.0457   3.12   0.012318    1.232%
  254   100.0%  22.8    0.005    0.0364   3.15   0.012413    1.241%
  255   100.0%  23.8    0.004    0.0321   3.18   0.012490    1.249%
  256   100.0%  22.8    0.005    0.0378   3.22   0.012589    1.259%
  257   100.0%  23.0    0.005    0.0353   3.26   0.012677    1.268%
  258   100.0%  22.6    0.005    0.0391   3.30   0.012780    1.278%
  259   100.0%  19.2    0.013    0.0574   3.35   0.012952    1.295%
  260   100.0%  21.0   0.0079    0.0469   3.40   0.013083    1.308%
  261   100.0%  21.6   0.0063     0.043   3.44   0.013197    1.320%
  262   100.0%  19.3    0.013    0.0567   3.50   0.013363    1.336%
  263   100.0%  20.1     0.01    0.0505   3.55   0.013504    1.350%
  264   100.0%  21.7   0.0063    0.0414   3.59   0.013610    1.361%
  265   100.0%  23.1    0.005    0.0339   3.63   0.013687    1.369%
  266   100.0%  22.5   0.0063    0.0376   3.66   0.013777    1.378%
  267   100.0%  20.9   0.0079    0.0459   3.71   0.013897    1.390%
  268   100.0%  20.2     0.01      0.05   3.76   0.014032    1.403%
  269   100.0%  17.9    0.016    0.0644   3.82   0.014219    1.422%
  270   100.0%  17.8    0.016    0.0642   3.89   0.014404    1.440%
  271   100.0%  17.2     0.02    0.0695   3.96   0.014607    1.461%
  272   100.0%  17.4     0.02    0.0682   4.03   0.014804    1.480%
  273   100.0%  17.5    0.016    0.0666   4.09   0.014994    1.499%
  274   100.0%  18.2    0.016    0.0609   4.15   0.015162    1.516%
  275   100.0%  18.7    0.013    0.0568   4.21   0.015313    1.531%
  276   100.0%  17.8    0.016    0.0632   4.27   0.015487    1.549%
  277   100.0%  20.5     0.01    0.0441   4.32   0.015590    1.559%
  278   100.0%  20.4     0.01    0.0452   4.36   0.015696    1.570%
  279   100.0%  20.6   0.0079    0.0434   4.41   0.015796    1.580%
  280   100.0%  19.2    0.013    0.0541   4.46   0.015933    1.593%
  281   100.0%  16.6     0.02    0.0734   4.53   0.016137    1.614%
  282   100.0%  16.0    0.025    0.0764   4.61   0.016351    1.635%
  283   100.0%  17.6    0.016    0.0633   4.67   0.016517    1.652%
  284   100.0%  18.1    0.016      0.06   4.73   0.016670    1.667%
  285   100.0%  16.1    0.025     0.075   4.81   0.016874    1.687%
  286   100.0%  15.9    0.025    0.0761   4.89   0.017081    1.708%
  287   100.0%  15.9    0.025    0.0771   4.96   0.017290    1.729%
  288   100.0%  16.2    0.025    0.0748   5.04   0.017490    1.749%
  289   100.0%  17.7    0.016    0.0625   5.10   0.017646    1.765%
  290   100.0%  17.6    0.016    0.0627   5.16   0.017801    1.780%
  291   100.0%  19.3    0.013    0.0478   5.21   0.017904    1.790%
  292   100.0%  19.2    0.013    0.0487   5.26   0.018010    1.801%
  293   100.0%  19.1    0.013    0.0504   5.31   0.018120    1.812%
  294   100.0%  14.9    0.032    0.0827   5.39   0.018340    1.834%
  295   100.0%  15.1    0.032    0.0819   5.47   0.018555    1.856%
  296   100.0%  15.2    0.032    0.0817   5.56   0.018769    1.877%
  297   100.0%  16.0    0.025    0.0738   5.63   0.018954    1.895%
  298   100.0%  15.6    0.025    0.0773   5.71   0.019150    1.915%
  299   100.0%  14.9    0.032    0.0824   5.79   0.019361    1.936%
  300   100.0%  14.9    0.032     0.083   5.87   0.019573    1.957%
  301   100.0%  11.6    0.063      0.11   5.98   0.019872    1.987%

    L   1.0000   0.5000   0.2500   0.1000   1.0000   0.5000   0.2500   0.1000
-----  -------  -------  -------  -------  -------  -------  -------  -------
  302     2030      688      229       48    6.33%    2.15%    0.71%    0.15%
  301     2316      852      340       82    7.23%    2.66%    1.06%    0.26%
  300     2433      908      354       87    7.59%    2.83%    1.10%    0.27%
  299     2559      956      368       96    7.98%    2.98%    1.15%    0.30%
  298     2690     1000      390      103    8.39%    3.12%    1.22%    0.32%
  297     2797     1040      412      112    8.73%    3.25%    1.29%    0.35%
  296     2953     1106      444      121    9.21%    3.45%    1.39%    0.38%
  295     3097     1164      475      134    9.66%    3.63%    1.48%    0.42%
  294     3263     1240      510      147   10.18%    3.87%    1.59%    0.46%
  293     3355     1289      531      153   10.47%    4.02%    1.66%    0.48%
  292     3462     1341      555      158   10.80%    4.18%    1.73%    0.49%
  291     3570     1399      592      170   11.14%    4.37%    1.85%    0.53%
  290     3701     1453      618      179   11.55%    4.53%    1.93%    0.56%
  289     3822     1525      647      187   11.93%    4.76%    2.02%    0.58%
  288     4001     1595      678      203   12.48%    4.98%    2.12%    0.63%
  287     4195     1689      715      225   13.09%    5.27%    2.23%    0.70%
  286     4414     1807      759      240   13.77%    5.64%    2.37%    0.75%
  285     4641     1929      815      266   14.48%    6.02%    2.54%    0.83%
  284     4804     2017      858      284   14.99%    6.29%    2.68%    0.89%
  283     5007     2133      893      302   15.62%    6.66%    2.79%    0.94%
  282     5256     2282      977      331   16.40%    7.12%    3.05%    1.03%
  281     5494     2423     1048      358   17.14%    7.56%    3.27%    1.12%
  280     5695     2515     1109      374   17.77%    7.85%    3.46%    1.17%
  279     5843     2602     1148      389   18.23%    8.12%    3.58%    1.21%
  278     6007     2703     1210      416   18.74%    8.43%    3.78%    1.30%
  277     6149     2820     1255      434   19.19%    8.80%    3.92%    1.35%
  276     6401     2972     1328      474   19.97%    9.27%    4.14%    1.48%
  275     6590     3095     1389      508   20.56%    9.66%    4.33%    1.59%
  274     6807     3231     1451      542   21.24%   10.08%    4.53%    1.69%
  273     7068     3382     1541      587   22.05%   10.55%    4.81%    1.83%
  272     7327     3546     1641      647   22.86%   11.06%    5.12%    2.02%
  271     7601     3726     1769      711   23.72%   11.63%    5.52%    2.22%
  270     7857     3928     1867      771   24.52%   12.26%    5.83%    2.41%
  269     8096     4144     1996      858   25.26%   12.93%    6.23%    2.68%
  268     8330     4327     2133      906   25.99%   13.50%    6.66%    2.83%
  267     8508     4484     2253      965   26.55%   13.99%    7.03%    3.01%
  266     8668     4621     2338     1018   27.05%   14.42%    7.30%    3.18%
  265     8800     4731     2395     1044   27.46%   14.76%    7.47%    3.26%
  264     8968     4856     2468     1100   27.98%   15.15%    7.70%    3.43%
  263     9166     5055     2556     1177   28.60%   15.77%    7.98%    3.67%
  262     9392     5253     2694     1246   29.31%   16.39%    8.41%    3.89%
  261     9577     5397     2784     1297   29.88%   16.84%    8.69%    4.05%
  260     9772     5545     2890     1352   30.49%   17.30%    9.02%    4.22%
  259    10055     5770     3065     1444   31.37%   18.00%    9.56%    4.51%
  258    10236     5886     3147     1492   31.94%   18.37%    9.82%    4.66%
  257    10394     6026     3234     1539   32.43%   18.80%   10.09%    4.80%
  256    10551     6196     3335     1584   32.92%   19.33%   10.41%    4.94%
  255    10689     6311     3404     1639   33.35%   19.69%   10.62%    5.11%
  254    10854     6443     3478     1693   33.87%   20.10%   10.85%    5.28%
  253    11109     6630     3649     1767   34.66%   20.69%   11.39%    5.51%
  252    11302     6787     3750     1823   35.26%   21.18%   11.70%    5.69%
  251    11454     6944     3862     1882   35.74%   21.67%   12.05%    5.87%
  250    11644     7087     3956     1948   36.33%   22.11%   12.34%    6.08%
  249    11879     7281     4137     2059   37.07%   22.72%   12.91%    6.42%
  248    12136     7565     4349     2201   37.87%   23.60%   13.57%    6.87%
  247    12350     7776     4524     2300   38.53%   24.26%   14.12%    7.18%
  246    12502     7923     4642     2360   39.01%   24.72%   14.48%    7.36%
  245    12635     8062     4789     2435   39.42%   25.16%   14.94%    7.60%
  244    12775     8209     4912     2502   39.86%   25.61%   15.33%    7.81%
  243    12921     8364     5010     2574   40.32%   26.10%   15.63%    8.03%
  242    13069     8489     5115     2641   40.78%   26.49%   15.96%    8.24%
  241    13257     8671     5288     2744   41.36%   27.06%   16.50%    8.56%
  240    13488     8914     5514     2890   42.09%   27.81%   17.20%    9.02%
  239    13647     9082     5641     2980   42.58%   28.34%   17.60%    9.30%
  238    13825     9278     5792     3080   43.14%   28.95%   18.07%    9.61%
  237    13986     9436     5912     3171   43.64%   29.44%   18.45%    9.89%
  236    14153     9602     6043     3269   44.16%   29.96%   18.86%   10.20%
  235    14358     9783     6232     3372   44.80%   30.53%   19.45%   10.52%
  234    14493     9922     6364     3451   45.22%   30.96%   19.86%   10.77%
  233    14662    10083     6496     3580   45.75%   31.46%   20.27%   11.17%
  232    14837    10237     6649     3680   46.29%   31.94%   20.75%   11.48%
  231    14982    10365     6791     3753   46.75%   32.34%   21.19%   11.71%
  230    15258    10671     7084     3935   47.61%   33.30%   22.10%   12.28%
  229    15383    10828     7221     4039   48.00%   33.79%   22.53%   12.60%
  228    15568    10994     7368     4133   48.58%   34.30%   22.99%   12.90%
  227    15682    11127     7482     4221   48.93%   34.72%   23.35%   13.17%
  226    15822    11309     7623     4326   49.37%   35.29%   23.79%   13.50%
  225    15950    11470     7738     4439   49.77%   35.79%   24.14%   13.85%
  224    16062    11606     7889     4548   50.12%   36.21%   24.62%   14.19%
  223    16219    11753     8030     4653   50.61%   36.67%   25.06%   14.52%
  222    16368    11904     8170     4765   51.07%   37.14%   25.49%   14.87%
  221    16498    12046     8332     4882   51.48%   37.59%   26.00%   15.23%
  220    16634    12209     8506     5003   51.90%   38.09%   26.54%   15.61%
  219    16774    12346     8651     5105   52.34%   38.52%   26.99%   15.93%
  218    16890    12493     8795     5212   52.70%   38.98%   27.44%   16.26%
  217    17027    12648     8945     5326   53.13%   39.46%   27.91%   16.62%
  216    17158    12764     9103     5440   53.54%   39.83%   28.40%   16.97%
  215    17289    12908     9247     5548   53.95%   40.28%   28.85%   17.31%
  214    17428    13080     9416     5672   54.38%   40.81%   29.38%   17.70%
  213    17563    13231     9591     5805   54.80%   41.28%   29.93%   18.11%
  212    17704    13391     9762     5941   55.24%   41.78%   30.46%   18.54%
  211    17830    13544     9946     6064   55.63%   42.26%   31.03%   18.92%
  210    17947    13690    10091     6172   56.00%   42.72%   31.49%   19.26%
  209    18084    13866    10272     6307   56.43%   43.27%   32.05%   19.68%
  208    18202    14027    10424     6427   56.79%   43.77%   32.53%   20.05%
  207    18351    14203    10620     6578   57.26%   44.32%   33.14%   20.52%
  206    18488    14362    10779     6715   57.69%   44.81%   33.63%   20.95%
  205    18614    14520    10950     6862   58.08%   45.31%   34.17%   21.41%
  204    18727    14680    11116     7000   58.43%   45.80%   34.68%   21.84%
  203    18845    14839    11303     7174   58.80%   46.30%   35.27%   22.38%
  202    18974    15004    11442     7288   59.20%   46.82%   35.70%   22.74%
  201    19064    15141    11574     7405   59.48%   47.24%   36.11%   23.11%
  200    19167    15281    11727     7509   59.81%   47.68%   36.59%   23.43%
  199    19275    15416    11882     7655   60.14%   48.10%   37.07%   23.89%
  198    19392    15560    12031     7763   60.51%   48.55%   37.54%   24.22%
  197    19529    15764    12239     7949   60.93%   49.19%   38.19%   24.80%
  196    19646    15912    12403     8084   61.30%   49.65%   38.70%   25.22%
  195    19750    16036    12572     8249   61.62%   50.04%   39.23%   25.74%
  194    19835    16140    12704     8378   61.89%   50.36%   39.64%   26.14%
  193    19941    16247    12833     8467   62.22%   50.69%   40.04%   26.42%
  192    20041    16366    12948     8585   62.53%   51.07%   40.40%   26.79%
  191    20141    16463    13060     8681   62.84%   51.37%   40.75%   27.09%
  190    20224    16563    13163     8783   63.10%   51.68%   41.07%   27.40%
  189    20333    16690    13291     8879   63.44%   52.08%   41.47%   27.70%
  188    20425    16800    13403     8989   63.73%   52.42%   41.82%   28.05%
  187    20494    16901    13504     9087   63.95%   52.73%   42.14%   28.35%
  186    20577    17000    13600     9186   64.20%   53.04%   42.44%   28.66%
  185    20665    17085    13724     9275   64.48%   53.31%   42.82%   28.94%
  184    20761    17180    13839     9371   64.78%   53.61%   43.18%   29.24%
  183    20862    17293    13932     9434   65.09%   53.96%   43.47%   29.44%
  182    20952    17370    14036     9526   65.37%   54.20%   43.80%   29.72%
  181    21023    17451    14120     9620   65.60%   54.45%   44.06%   30.02%
  180    21116    17540    14216     9721   65.89%   54.73%   44.36%   30.33%
  179    21194    17624    14296     9802   66.13%   54.99%   44.61%   30.58%
  178    21267    17731    14394     9907   66.36%   55.32%   44.91%   30.91%
  177    21379    17836    14501    10016   66.71%   55.65%   45.25%   31.25%
  176    21476    17929    14597    10080   67.01%   55.94%   45.55%   31.45%
  175    21566    18018    14691    10179   67.29%   56.22%   45.84%   31.76%
  174    21666    18150    14817    10270   67.60%   56.63%   46.23%   32.04%
  173    21781    18286    14977    10369   67.96%   57.06%   46.73%   32.35%
  172    21897    18408    15117    10468   68.32%   57.44%   47.17%   32.66%
  171    22023    18534    15236    10567   68.72%   57.83%   47.54%   32.97%
  170    22105    18640    15332    10659   68.97%   58.16%   47.84%   33.26%
  169    22201    18755    15444    10754   69.27%   58.52%   48.19%   33.55%
  168    22286    18842    15532    10852   69.54%   58.79%   48.46%   33.86%
  167    22402    18938    15631    10926   69.90%   59.09%   48.77%   34.09%
  166    22502    19054    15742    11016   70.21%   59.45%   49.12%   34.37%
  165    22614    19179    15872    11112   70.56%   59.84%   49.52%   34.67%
  164    22740    19283    15985    11202   70.95%   60.17%   49.88%   34.95%
  163    22887    19412    16126    11338   71.41%   60.57%   50.32%   35.38%
  162    23008    19534    16236    11434   71.79%   60.95%   50.66%   35.68%
  161    23102    19665    16392    11529   72.08%   61.36%   51.15%   35.97%
  160    23202    19756    16537    11614   72.40%   61.64%   51.60%   36.24%
  159    23314    19897    16750    11761   72.74%   62.08%   52.26%   36.70%
  158    23454    20051    16917    11922   73.18%   62.56%   52.78%   37.20%
  157    23591    20166    17049    12026   73.61%   62.92%   53.20%   37.52%
  156    23714    20288    17202    12107   73.99%   63.30%   53.67%   37.78%
  155    23848    20423    17373    12267   74.41%   63.72%   54.21%   38.28%
  154    23990    20576    17536    12427   74.85%   64.20%   54.72%   38.78%
  153    24108    20698    17659    12550   75.22%   64.58%   55.10%   39.16%
  152    24221    20814    17747    12654   75.57%   64.94%   55.37%   39.48%
  151    24331    20923    17883    12791   75.92%   65.28%   55.80%   39.91%
  150    24425    21026    18007    12927   76.21%   65.61%   56.19%   40.34%
  149    24550    21158    18138    13027   76.60%   66.02%   56.59%   40.65%
  148    24663    21269    18262    13127   76.95%   66.36%   56.98%   40.96%
  147    24749    21372    18389    13222   77.22%   66.69%   57.38%   41.26%
  146    24860    21490    18500    13374   77.57%   67.05%   57.72%   41.73%
  145    24979    21598    18644    13532   77.94%   67.39%   58.17%   42.22%
  144    25102    21725    18816    13712   78.32%   67.79%   58.71%   42.78%
  143    25234    21877    19008    14083   78.74%   68.26%   59.31%   43.94%
  142    25380    22015    19181    14357   79.19%   68.69%   59.85%   44.80%
  141    25525    22151    19328    14529   79.64%   69.12%   60.31%   45.33%
  140    25650    22298    19472    14644   80.03%   69.57%   60.76%   45.69%
  139    25771    22421    19598    14811   80.41%   69.96%   61.15%   46.21%
  138    25869    22519    19717    14979   80.72%   70.26%   61.52%   46.74%
  137    25969    22611    19826    15080   81.03%   70.55%   61.86%   47.05%
  136    26089    22732    19915    15168   81.40%   70.93%   62.14%   47.33%
  135    26183    22834    20026    15280   81.70%   71.25%   62.49%   47.68%
  134    26260    22907    20109    15386   81.94%   71.47%   62.74%   48.01%
  133    26354    22997    20202    15468   82.23%   71.76%   63.03%   48.26%
  132    26451    23095    20299    15588   82.53%   72.06%   63.34%   48.64%
  131    26553    23219    20423    15691   82.85%   72.45%   63.72%   48.96%
  130    26621    23314    20500    15811   83.06%   72.74%   63.96%   49.33%
  129    26741    23439    20619    15915   83.44%   73.13%   64.34%   49.66%
  128    26828    23539    20705    15983   83.71%   73.45%   64.60%   49.87%
  127    26914    23649    20806    16088   83.98%   73.79%   64.92%   50.20%
  126    27013    23785    20910    16175   84.29%   74.21%   65.24%   50.47%
  125    27105    23918    21000    16257   84.57%   74.63%   65.52%   50.73%
  124    27196    24005    21051    16323   84.86%   74.90%   65.68%   50.93%
  123    27308    24090    21135    16397   85.21%   75.17%   65.95%   51.16%
  122    27389    24179    21215    16485   85.46%   75.44%   66.20%   51.44%
  121    27453    24246    21265    16550   85.66%   75.65%   66.35%   51.64%
  120    27510    24335    21339    16624   85.84%   75.93%   66.58%   51.87%
  119    27585    24419    21405    16716   86.07%   76.19%   66.79%   52.16%
  118    27699    24565    21531    16869   86.43%   76.65%   67.18%   52.64%
  117    27734    24597    21589    16987   86.54%   76.75%   67.36%   53.00%
  116    27856    24746    21744    17201   86.92%   77.21%   67.85%   53.67%
  115    27965    24820    21790    17260   87.26%   77.44%   67.99%   53.86%
  114    28023    24912    21865    17356   87.44%   77.73%   68.22%   54.15%
  113    28114    25021    21984    17462   87.72%   78.07%   68.59%   54.49%
  112    28168    25073    22020    17505   87.89%   78.23%   68.71%   54.62%
  111    28259    25140    22081    17587   88.17%   78.44%   68.90%   54.88%
  110    28355    25221    22129    17647   88.47%   78.70%   69.05%   55.06%
  109    28467    25318    22194    17716   88.82%   79.00%   69.25%   55.28%
  108    28525    25375    22234    17786   89.00%   79.18%   69.38%   55.50%
  107    28670    25467    22307    17870   89.46%   79.46%   69.60%   55.76%
  106    28803    25557    22398    17955   89.87%   79.74%   69.89%   56.02%
  105    28976    25655    22463    18020   90.41%   80.05%   70.09%   56.23%
  104    29172    25793    22566    18119   91.02%   80.48%   70.41%   56.54%
  103    29214    25841    22603    18177   91.15%   80.63%   70.53%   56.72%
  102    29404    26013    22724    18299   91.75%   81.17%   70.90%   57.10%
  101    29461    26101    22797    18395   91.92%   81.44%   71.13%   57.40%
  100    29665    26394    23111    18686   92.56%   82.36%   72.11%   58.30%
   99    29865    26614    23351    18923   93.19%   83.04%   72.86%   59.04%
   98    29932    26707    23447    19011   93.39%   83.33%   73.16%   59.32%
   97    30093    26885    23607    19097   93.90%   83.89%   73.66%   59.59%
   96    30232    27038    23738    19201   94.33%   84.36%   74.07%   59.91%
   95    30285    27123    23812    19293   94.50%   84.63%   74.30%   60.20%
   94    30341    27232    23906    19371   94.67%   84.97%   74.59%   60.44%
   93    30403    27319    23987    19447   94.86%   85.24%   74.84%   60.68%
   92    30529    27449    24109    19538   95.26%   85.65%   75.23%   60.96%
   91    30672    27724    24280    19674   95.70%   86.51%   75.76%   61.39%
   90    30731    27915    24514    19822   95.89%   87.10%   76.49%   61.85%
   89    30800    28223    24951    20194   96.10%   88.06%   77.85%   63.01%
   88    30849    28495    25351    20640   96.26%   88.91%   79.10%   64.40%
   87    30895    28730    25700    21270   96.40%   89.64%   80.19%   66.37%
   86    30930    28812    25807    21412   96.51%   89.90%   80.52%   66.81%
   85    30963    28910    25968    21717   96.61%   90.21%   81.03%   67.76%
   84    30991    28947    26003    21794   96.70%   90.32%   81.14%   68.00%
   83    31015    28995    26067    21877   96.77%   90.47%   81.33%   68.26%
   82    31049    29027    26096    21955   96.88%   90.57%   81.43%   68.50%
   81    31079    29076    26145    22063   96.97%   90.72%   81.58%   68.84%
   80    31115    29169    26269    22169   97.09%   91.01%   81.97%   69.17%
   79    31156    29305    26400    22281   97.21%   91.44%   82.37%   69.52%
   78    31190    29666    26706    22701   97.32%   92.56%   83.33%   70.83%
   77    31244    29867    26983    23207   97.49%   93.19%   84.19%   72.41%
   76    31270    29895    27019    23283   97.57%   93.28%   84.31%   72.65%
   75    31312    29952    27085    23362   97.70%   93.46%   84.51%   72.89%
   74    31371    29985    27135    23457   97.88%   93.56%   84.67%   73.19%
   73    31397    30020    27186    23526   97.97%   93.67%   84.83%   73.41%
   72    31443    30046    27210    23574   98.11%   93.75%   84.90%   73.56%
   71    31484    30080    27246    23642   98.24%   93.86%   85.01%   73.77%
   70    31554    30128    27293    23744   98.46%   94.01%   85.16%   74.09%
   69    31617    30202    27373    23820   98.65%   94.24%   85.41%   74.32%
   68    31663    30296    27513    23949   98.80%   94.53%   85.85%   74.73%
   67    31697    30403    27658    24102   98.90%   94.86%   86.30%   75.20%
   66    31755    30481    27730    24196   99.08%   95.11%   86.52%   75.50%
   65    31774    30561    27922    24441   99.14%   95.36%   87.12%   76.26%
   64    31821    30740    28156    24625   99.29%   95.92%   87.85%   76.84%
   63    31864    30810    28215    24700   99.42%   96.13%   88.04%   77.07%
   62    31898    30872    28276    24788   99.53%   96.33%   88.23%   77.34%
   61    31927    30953    28322    24855   99.62%   96.58%   88.37%   77.55%
   60    31958    31062    28465    25011   99.72%   96.92%   88.82%   78.04%
   59    31975    31151    28528    25076   99.77%   97.20%   89.01%   78.24%
   58    31982    31257    28618    25159   99.79%   97.53%   89.29%   78.50%
   57    31989    31403    28991    25463   99.81%   97.98%   90.46%   79.45%
   56    31994    31475    29078    25557   99.83%   98.21%   90.73%   79.74%
   55    31998    31522    29174    25633   99.84%   98.36%   91.03%   79.98%
   54    32004    31587    29280    25735   99.86%   98.56%   91.36%   80.30%
   53    32010    31652    29480    26030   99.88%   98.76%   91.98%   81.22%
   52    32013    31705    29563    26122   99.89%   98.93%   92.24%   81.51%
   51    32017    31787    29967    26522   99.90%   99.18%   93.50%   82.75%
   50    32022    31832    30118    26674   99.92%   99.32%   93.97%   83.23%
   49    32023    31863    30493    27018   99.92%   99.42%   95.14%   84.30%
   48    32024    31886    30639    27210   99.92%   99.49%   95.60%   84.90%
   47    32028    31904    30723    27336   99.93%   99.55%   95.86%   85.29%
   46    32028    31917    30772    27408   99.93%   99.59%   96.02%   85.52%
   45    32028    31924    30806    27465   99.93%   99.61%   96.12%   85.70%
   44    32031    31932    30822    27500   99.94%   99.63%   96.17%   85.81%
   43    32032    31938    30846    27526   99.95%   99.65%   96.25%   85.89%
   42    32038    31950    30870    27570   99.97%   99.69%   96.32%   86.02%
   41    32039    31963    30942    27681   99.97%   99.73%   96.55%   86.37%
   40    32040    31968    30997    27743   99.97%   99.75%   96.72%   86.56%
   39    32040    31981    31014    27788   99.97%   99.79%   96.77%   86.70%
   38    32041    31985    31029    27820   99.98%   99.80%   96.82%   86.80%
   37    32042    31988    31051    27844   99.98%   99.81%   96.89%   86.88%
   36    32042    31993    31121    28031   99.98%   99.83%   97.10%   87.46%
   35    32042    31998    31145    28052   99.98%   99.84%   97.18%   87.53%
   34    32042    32005    31229    28267   99.98%   99.86%   97.44%   88.20%
   33    32042    32009    31610    28909   99.98%   99.88%   98.63%   90.20%
   32    32043    32015    31791    29502   99.98%   99.89%   99.19%   92.05%
   31    32044    32017    31826    29600   99.98%   99.90%   99.30%   92.36%
   30    32044    32021    31867    29860   99.98%   99.91%   99.43%   93.17%
   29    32044    32027    31894    30508   99.98%   99.93%   99.52%   95.19%
   28    32045    32028    31909    30541   99.99%   99.93%   99.56%   95.29%
   27    32046    32030    31939    30835   99.99%   99.94%   99.66%   96.21%
   26    32049    32034    31955    30879  100.00%   99.95%   99.71%   96.35%
   25    32049    32034    31959    30912  100.00%   99.95%   99.72%   96.45%
   24    32049    32038    31967    30947  100.00%   99.97%   99.74%   96.56%
   23    32049    32039    31986    30966  100.00%   99.97%   99.80%   96.62%
   22    32049    32039    31992    31149  100.00%   99.97%   99.82%   97.19%
   21    32049    32039    32000    31444  100.00%   99.97%   99.85%   98.11%
   20    32049    32041    32007    31559  100.00%   99.98%   99.87%   98.47%
   19    32049    32043    32010    31631  100.00%   99.98%   99.88%   98.70%
   18    32049    32043    32014    31809  100.00%   99.98%   99.89%   99.25%
   17    32049    32044    32019    31850  100.00%   99.98%   99.91%   99.38%
   16    32049    32045    32026    31896  100.00%   99.99%   99.93%   99.52%
   15    32049    32047    32029    31920  100.00%   99.99%   99.94%   99.60%
   14    32049    32047    32031    31924  100.00%   99.99%   99.94%   99.61%
   13    32049    32049    32033    31951  100.00%  100.00%   99.95%   99.69%
   12    32049    32049    32037    31965  100.00%  100.00%   99.96%   99.74%
   11    32049    32049    32038    31971  100.00%  100.00%   99.97%   99.76%
   10    32049    32049    32039    31980  100.00%  100.00%   99.97%   99.78%
    9    32049    32049    32039    31990  100.00%  100.00%   99.97%   99.82%
    8    32049    32049    32039    31997  100.00%  100.00%   99.97%   99.84%
    7    32049    32049    32046    32000  100.00%  100.00%   99.99%   99.85%
    6    32049    32049    32048    32012  100.00%  100.00%  100.00%   99.88%
    5    32049    32049    32048    32027  100.00%  100.00%  100.00%   99.93%
    4    32049    32049    32049    32036  100.00%  100.00%  100.00%   99.96%
    3    32049    32049    32049    32042  100.00%  100.00%  100.00%   99.98%
    2    32049    32049    32049    32049  100.00%  100.00%  100.00%  100.00%
    1    32049    32049    32049    32049  100.00%  100.00%  100.00%  100.00%

Truncate at first Q
  Len     Q=5    Q=10    Q=15    Q=20
-----  ------  ------  ------  ------
  301  100.0%    0.8%    0.4%    0.0%
  300  100.0%    1.2%    0.6%    0.1%
  299  100.0%    1.2%    0.6%    0.2%
  298  100.0%    1.2%    0.7%    0.2%
  297  100.0%    1.3%    0.7%    0.2%
  296  100.0%    1.4%    0.8%    0.2%
  295  100.0%    1.4%    0.8%    0.2%
  294  100.0%    1.5%    0.9%    0.2%
  293  100.0%    1.5%    0.9%    0.2%
  292  100.0%    1.6%    1.0%    0.2%
  291  100.0%    1.7%    1.0%    0.3%
  290  100.0%    1.9%    1.1%    0.3%
  289  100.0%    2.0%    1.1%    0.3%
  288  100.0%    2.1%    1.2%    0.3%
  287  100.0%    2.1%    1.3%    0.3%
  286  100.0%    2.2%    1.4%    0.3%
  285  100.0%    2.3%    1.4%    0.3%
  284  100.0%    2.5%    1.6%    0.4%
  283  100.0%    2.6%    1.6%    0.4%
  282  100.0%    2.7%    1.7%    0.5%
  281  100.0%    2.9%    1.9%    0.5%
  280  100.0%    3.0%    2.0%    0.6%
  279  100.0%    3.1%    2.1%    0.6%
  278  100.0%    3.2%    2.2%    0.6%
  277  100.0%    3.4%    2.3%    0.6%
  276  100.0%    3.6%    2.4%    0.7%
  275  100.0%    3.8%    2.5%    0.7%
  274  100.0%    4.0%    2.7%    0.8%
  273  100.0%    4.2%    2.8%    0.8%
  272  100.0%    4.4%    3.0%    0.9%
  271  100.0%    4.6%    3.1%    1.0%
  270  100.0%    4.9%    3.4%    1.1%
  269  100.0%    5.1%    3.6%    1.2%
  268  100.0%    5.4%    3.8%    1.4%
  267  100.0%    5.8%    4.0%    1.5%
  266  100.0%    6.1%    4.2%    1.6%
  265  100.0%    6.5%    4.4%    1.7%
  264  100.0%    6.7%    4.6%    1.8%
  263  100.0%    6.9%    4.7%    1.9%
  262  100.0%    7.2%    4.9%    2.0%
  261  100.0%    7.5%    5.1%    2.1%
  260  100.0%    7.8%    5.2%    2.2%
  259  100.0%    8.0%    5.3%    2.2%
  258  100.0%    8.3%    5.6%    2.4%
  257  100.0%    8.6%    5.8%    2.5%
  256  100.0%    8.8%    6.0%    2.6%
  255  100.0%    9.1%    6.1%    2.7%
  254  100.0%    9.3%    6.3%    2.8%
  253  100.0%    9.5%    6.4%    2.9%
  252  100.0%   10.0%    6.6%    3.1%
  251  100.0%   10.3%    6.8%    3.2%
  250  100.0%   10.6%    7.0%    3.4%
  249  100.0%   11.0%    7.2%    3.5%
  248  100.0%   11.5%    7.5%    3.8%
  247  100.0%   11.9%    7.8%    4.1%
  246  100.0%   12.3%    8.1%    4.4%
  245  100.0%   12.7%    8.3%    4.6%
  244  100.0%   13.3%    8.5%    4.8%
  243  100.0%   13.8%    8.7%    5.0%
  242  100.0%   14.1%    8.9%    5.1%
  241  100.0%   14.4%    9.1%    5.3%
  240  100.0%   15.0%    9.4%    5.5%
  239  100.0%   16.0%    9.8%    6.0%
  238  100.0%   16.4%   10.1%    6.2%
  237  100.0%   17.1%   10.4%    6.5%
  236  100.0%   17.4%   10.6%    6.7%
  235  100.0%   17.9%   10.9%    6.9%
  234  100.0%   18.9%   11.2%    7.3%
  233  100.0%   19.2%   11.4%    7.5%
  232  100.0%   19.6%   11.8%    7.7%
  231  100.0%   19.9%   12.1%    7.9%
  230  100.0%   20.3%   12.3%    8.1%
  229  100.0%   21.1%   12.9%    8.8%
  228  100.0%   21.6%   13.2%    9.1%
  227  100.0%   22.0%   13.5%    9.3%
  226  100.0%   22.3%   13.8%    9.5%
  225  100.0%   22.8%   14.0%    9.8%
  224  100.0%   23.1%   14.4%   10.0%
  223  100.0%   23.6%   14.7%   10.3%
  222  100.0%   24.2%   15.0%   10.6%
  221  100.0%   24.7%   15.3%   10.9%
  220  100.0%   25.0%   15.7%   11.2%
  219  100.0%   25.4%   16.1%   11.5%
  218  100.0%   25.9%   16.4%   11.7%
  217  100.0%   26.2%   16.7%   12.0%
  216  100.0%   26.7%   17.1%   12.4%
  215  100.0%   27.1%   17.4%   12.6%
  214  100.0%   27.5%   17.7%   12.9%
  213  100.0%   28.0%   18.1%   13.2%
  212  100.0%   28.5%   18.5%   13.6%
  211  100.0%   28.9%   18.9%   13.9%
  210  100.0%   29.4%   19.2%   14.3%
  209  100.0%   29.8%   19.5%   14.7%
  208  100.0%   30.3%   19.9%   15.2%
  207  100.0%   30.7%   20.3%   15.6%
  206  100.0%   31.7%   20.8%   16.3%
  205  100.0%   32.4%   21.2%   16.8%
  204  100.0%   33.1%   21.6%   17.3%
  203  100.0%   33.6%   22.0%   17.7%
  202  100.0%   34.2%   22.5%   18.3%
  201  100.0%   34.6%   22.9%   18.6%
  200  100.0%   35.0%   23.3%   19.2%
  199  100.0%   35.5%   23.6%   19.6%
  198  100.0%   36.0%   24.1%   20.1%
  197  100.0%   36.5%   24.4%   20.6%
  196  100.0%   37.6%   25.0%   21.7%
  195  100.0%   38.2%   25.4%   22.2%
  194  100.0%   39.0%   25.9%   23.0%
  193  100.0%   39.5%   26.3%   23.5%
  192  100.0%   39.9%   26.6%   24.0%
  191  100.0%   40.3%   26.9%   24.5%
  190  100.0%   40.7%   27.2%   24.9%
  189  100.0%   41.0%   27.5%   25.4%
  188  100.0%   41.4%   27.8%   26.0%
  187  100.0%   41.8%   28.1%   26.4%
  186  100.0%   42.0%   28.4%   26.7%
  185  100.0%   42.4%   28.7%   27.1%
  184  100.0%   42.8%   29.0%   27.4%
  183  100.0%   43.3%   29.3%   27.7%
  182  100.0%   43.6%   29.5%   27.9%
  181  100.0%   43.9%   29.8%   28.3%
  180  100.0%   44.2%   30.1%   28.6%
  179  100.0%   44.6%   30.4%   29.0%
  178  100.0%   44.9%   30.6%   29.3%
  177  100.0%   45.2%   30.9%   29.6%
  176  100.0%   45.6%   31.3%   29.9%
  175  100.0%   45.9%   31.5%   30.1%
  174  100.0%   46.1%   31.8%   30.5%
  173  100.0%   46.5%   32.1%   30.8%
  172  100.0%   46.9%   32.4%   31.1%
  171  100.0%   47.3%   32.7%   31.4%
  170  100.0%   47.7%   33.0%   31.7%
  169  100.0%   48.1%   33.3%   32.0%
  168  100.0%   48.5%   33.6%   32.3%
  167  100.0%   48.8%   33.9%   32.7%
  166  100.0%   49.1%   34.1%   32.9%
  165  100.0%   49.5%   34.4%   33.2%
  164  100.0%   50.0%   34.7%   33.5%
  163  100.0%   50.4%   34.9%   33.8%
  162  100.0%   51.0%   35.3%   34.3%
  161  100.0%   51.6%   35.7%   34.6%
  160  100.0%   51.9%   36.0%   34.9%
  159  100.0%   52.2%   36.2%   35.2%
  158  100.0%   52.7%   36.7%   35.7%
  157  100.0%   53.1%   37.2%   36.2%
  156  100.0%   53.6%   37.5%   36.5%
  155  100.0%   54.1%   37.8%   36.8%
  154  100.0%   54.5%   38.3%   37.3%
  153  100.0%   55.1%   38.7%   37.8%
  152  100.0%   55.5%   39.1%   38.2%
  151  100.0%   55.9%   39.5%   38.5%
  150  100.0%   56.2%   39.9%   38.9%
  149  100.0%   56.7%   40.3%   39.4%
  148  100.0%   57.3%   40.6%   39.7%
  147  100.0%   57.7%   40.9%   40.1%
  146  100.0%   58.2%   41.2%   40.4%
  145  100.0%   58.9%   41.7%   40.9%
  144  100.0%   59.3%   42.2%   41.4%
  143  100.0%   59.8%   42.7%   41.9%
  142  100.0%   60.9%   43.9%   43.1%
  141  100.0%   61.6%   44.7%   44.0%
  140  100.0%   62.2%   45.3%   44.5%
  139  100.0%   62.8%   45.6%   44.9%
  138  100.0%   63.4%   46.1%   45.4%
  137  100.0%   64.1%   46.7%   46.0%
  136  100.0%   64.5%   46.9%   46.2%
  135  100.0%   64.6%   47.2%   46.5%
  134  100.0%   64.8%   47.6%   46.9%
  133  100.0%   65.1%   47.9%   47.2%
  132  100.0%   65.4%   48.2%   47.5%
  131  100.0%   65.6%   48.5%   47.9%
  130  100.0%   66.4%   48.8%   48.2%
  129  100.0%   66.6%   49.2%   48.6%
  128  100.0%   66.7%   49.5%   49.0%
  127  100.0%   66.7%   49.7%   49.2%
  126  100.0%   66.8%   50.0%   49.6%
  125  100.0%   66.8%   50.3%   49.9%
  124  100.0%   66.9%   50.6%   50.1%
  123  100.0%   67.0%   50.8%   50.3%
  122  100.0%   67.2%   51.0%   50.5%
  121  100.0%   67.7%   51.2%   50.8%
  120  100.0%   68.0%   51.4%   50.9%
  119  100.0%   69.0%   51.5%   51.1%
  118  100.0%   69.3%   51.7%   51.4%
  117  100.0%   69.7%   52.2%   51.8%
  116  100.0%   69.8%   52.4%   52.1%
  115  100.0%   70.1%   53.0%   52.7%
  114  100.0%   70.4%   53.1%   52.8%
  113  100.0%   70.4%   53.3%   53.1%
  112  100.0%   70.5%   53.6%   53.3%
  111  100.0%   70.6%   53.7%   53.5%
  110  100.0%   70.7%   53.9%   53.7%
  109  100.0%   70.9%   54.0%   53.8%
  108  100.0%   71.2%   54.2%   54.0%
  107  100.0%   71.2%   54.3%   54.1%
  106  100.0%   71.3%   54.5%   54.3%
  105  100.0%   71.4%   54.7%   54.6%
  104  100.0%   71.7%   54.9%   54.7%
  103  100.0%   72.2%   55.1%   55.0%
  102  100.0%   72.4%   55.2%   55.1%
  101  100.0%   73.3%   55.5%   55.4%
  100  100.0%   73.8%   55.7%   55.6%
   99  100.0%   74.8%   56.5%   56.4%
   98  100.0%   75.3%   57.2%   57.1%
   97  100.0%   75.4%   57.5%   57.4%
   96  100.0%   75.4%   57.7%   57.6%
   95  100.0%   75.4%   58.0%   58.0%
   94  100.0%   75.5%   58.3%   58.2%
   93  100.0%   75.5%   58.4%   58.4%
   92  100.0%   75.6%   58.6%   58.5%
   91  100.0%   75.7%   58.8%   58.8%
   90  100.0%   76.1%   59.2%   59.1%
   89  100.0%   76.5%   59.5%   59.5%
   88  100.0%   77.6%   60.5%   60.4%
   87  100.0%   79.2%   61.6%   61.6%
   86  100.0%   81.8%   63.1%   63.0%
   85  100.0%   82.5%   63.4%   63.4%
   84  100.0%   83.4%   64.3%   64.2%
   83  100.0%   84.1%   64.4%   64.3%
   82  100.0%   84.3%   64.6%   64.5%
   81  100.0%   84.3%   64.7%   64.7%
   80  100.0%   84.4%   65.1%   65.0%
   79  100.0%   84.4%   65.3%   65.3%
   78  100.0%   84.4%   65.5%   65.5%
   77  100.0%   88.2%   66.4%   66.3%
   76  100.0%   91.8%   67.4%   67.4%
   75  100.0%   92.2%   67.6%   67.5%
   74  100.0%   92.5%   67.7%   67.6%
   73  100.0%   92.8%   67.8%   67.8%
   72  100.0%   92.9%   67.9%   67.9%
   71  100.0%   92.9%   68.0%   67.9%
   70  100.0%   92.9%   68.1%   68.1%
   69  100.0%   93.0%   68.5%   68.5%
   68  100.0%   93.0%   68.7%   68.6%
   67  100.0%   93.1%   68.9%   68.8%
   66  100.0%   93.2%   69.1%   69.1%
   65  100.0%   93.3%   69.3%   69.2%
   64  100.0%   93.4%   69.7%   69.6%
   63  100.0%   93.5%   70.1%   70.0%
   62  100.0%   93.6%   70.2%   70.1%
   61  100.0%   93.6%   70.4%   70.3%
   60  100.0%   93.7%   70.5%   70.5%
   59  100.0%   93.7%   70.8%   70.8%
   58  100.0%   93.7%   70.9%   70.9%
   57  100.0%   93.7%   71.1%   71.1%
   56  100.0%   93.7%   71.9%   71.9%
   55  100.0%   93.8%   72.1%   72.1%
   54  100.0%   93.8%   72.3%   72.3%
   53  100.0%   93.9%   72.6%   72.6%
   52  100.0%   94.0%   73.2%   73.2%
   51  100.0%   94.1%   73.4%   73.4%
   50  100.0%   94.2%   74.4%   74.4%

     32049  Recs (32.0k), 0 too long
     301.0  Avg length
      9.6M  Bases

              Id      Allocs       Frees     Pct         Bytes
----------------  ----------  ----------  ------  ------------
----------------  ----------  ----------  ------  ------------
           Total           0           0    0.0%          0.0b

        37Mb  Curr mem
        37Mb  Peak mem
        0.0b  Total alloc
        0.0b  Total free
        0.0b  Net
        37Mb  +Excess

            Type        Busy        Free         Mem   MaxRefCnt        Gets      Allocs       Frees
----------------  ----------  ----------  ----------  ----------  ----------  ----------  ----------
         SeqInfo           0           0        0.0b           0
        PathInfo           0           0        0.0b           0
     AlignResult           0           0        0.0b           0

Finished Mon Sep 28 17:04:50 2015
Elapsed time 00:00
Max memory 37Mb
